[INFO][2018-09-10 09:46:44] org.springframework.boot.StartupInfoLogger.logStarting(StartupInfoLogger.java:48) Starting HuoyApplication on DESKTOP-KLTQ8UN with PID 19960 (D:\git-project\hz\huoy\target\classes started by Admin in D:\git-project\hz\huoy) 
[INFO][2018-09-10 09:46:44] org.springframework.boot.SpringApplication.logStartupProfileInfo(SpringApplication.java:637) No active profile set, falling back to default profiles: default 
[INFO][2018-09-10 09:46:45] org.springframework.context.support.AbstractApplicationContext.prepareRefresh(AbstractApplicationContext.java:582) Refreshing org.springframework.boot.context.embedded.AnnotationConfigEmbeddedWebApplicationContext@4690b489: startup date [Mon Sep 10 09:46:45 CST 2018]; root of context hierarchy 
[INFO][2018-09-10 09:46:45] org.hibernate.validator.internal.util.Version.<clinit>(Version.java:30) HV000001: Hibernate Validator 5.3.5.Final 
[INFO][2018-09-10 09:46:47] org.springframework.boot.context.embedded.tomcat.TomcatEmbeddedServletContainer.initialize(TomcatEmbeddedServletContainer.java:89) Tomcat initialized with port(s): 80 (http) 
[INFO][2018-09-10 09:46:48] org.springframework.boot.context.embedded.EmbeddedWebApplicationContext.prepareEmbeddedWebApplicationContext(EmbeddedWebApplicationContext.java:276) Root WebApplicationContext: initialization completed in 2963 ms 
[INFO][2018-09-10 09:46:48] org.springframework.boot.web.servlet.AbstractFilterRegistrationBean.configure(AbstractFilterRegistrationBean.java:258) Mapping filter: 'characterEncodingFilter' to: [/*] 
[INFO][2018-09-10 09:46:48] org.springframework.boot.web.servlet.AbstractFilterRegistrationBean.configure(AbstractFilterRegistrationBean.java:258) Mapping filter: 'hiddenHttpMethodFilter' to: [/*] 
[INFO][2018-09-10 09:46:48] org.springframework.boot.web.servlet.AbstractFilterRegistrationBean.configure(AbstractFilterRegistrationBean.java:258) Mapping filter: 'httpPutFormContentFilter' to: [/*] 
[INFO][2018-09-10 09:46:48] org.springframework.boot.web.servlet.AbstractFilterRegistrationBean.configure(AbstractFilterRegistrationBean.java:258) Mapping filter: 'requestContextFilter' to: [/*] 
[INFO][2018-09-10 09:46:48] org.springframework.boot.web.servlet.AbstractFilterRegistrationBean.configure(AbstractFilterRegistrationBean.java:271) Mapping filter: 'SimpleCORSFilter' to urls: [/*] 
[INFO][2018-09-10 09:46:48] org.springframework.boot.web.servlet.AbstractFilterRegistrationBean.configure(AbstractFilterRegistrationBean.java:258) Mapping filter: 'remoteIpFilter' to: [/*] 
[INFO][2018-09-10 09:46:48] org.springframework.boot.web.servlet.ServletRegistrationBean.onStartup(ServletRegistrationBean.java:190) Mapping servlet: 'dispatcherServlet' to [/] 
[ERROR][2018-09-10 09:46:48] com.alibaba.druid.pool.DruidDataSource.validationQueryCheck(DruidDataSource.java:855) testWhileIdle is true, validationQuery not set 
[INFO][2018-09-10 09:46:48] com.alibaba.druid.pool.DruidDataSource.init(DruidDataSource.java:715) {dataSource-1} inited 
[INFO][2018-09-10 09:46:49] org.springframework.orm.jpa.LocalContainerEntityManagerFactoryBean.createNativeEntityManagerFactory(LocalContainerEntityManagerFactoryBean.java:349) Building JPA container EntityManagerFactory for persistence unit 'default' 
[INFO][2018-09-10 09:46:49] org.hibernate.jpa.internal.util.LogHelper.logPersistenceUnitInformation(LogHelper.java:31) HHH000204: Processing PersistenceUnitInfo [
	name: default
	...] 
[INFO][2018-09-10 09:46:49] org.hibernate.Version.logVersion(Version.java:37) HHH000412: Hibernate Core {5.0.12.Final} 
[INFO][2018-09-10 09:46:49] org.hibernate.cfg.Environment.<clinit>(Environment.java:213) HHH000206: hibernate.properties not found 
[INFO][2018-09-10 09:46:49] org.hibernate.cfg.Environment.buildBytecodeProvider(Environment.java:317) HHH000021: Bytecode provider name : javassist 
[INFO][2018-09-10 09:46:49] org.hibernate.annotations.common.reflection.java.JavaReflectionManager.<clinit>(JavaReflectionManager.java:66) HCANN000001: Hibernate Commons Annotations {5.0.1.Final} 
[INFO][2018-09-10 09:46:49] org.hibernate.dialect.Dialect.<init>(Dialect.java:156) HHH000400: Using dialect: org.hibernate.dialect.Oracle9iDialect 
[INFO][2018-09-10 09:46:50] org.springframework.orm.jpa.AbstractEntityManagerFactoryBean.buildNativeEntityManagerFactory(AbstractEntityManagerFactoryBean.java:379) Initialized JPA EntityManagerFactory for persistence unit 'default' 
[INFO][2018-09-10 09:46:51] org.springframework.web.servlet.mvc.method.annotation.RequestMappingHandlerAdapter.initControllerAdviceCache(RequestMappingHandlerAdapter.java:534) Looking for @ControllerAdvice: org.springframework.boot.context.embedded.AnnotationConfigEmbeddedWebApplicationContext@4690b489: startup date [Mon Sep 10 09:46:45 CST 2018]; root of context hierarchy 
[INFO][2018-09-10 09:46:51] org.springframework.web.servlet.handler.AbstractHandlerMethodMapping$MappingRegistry.register(AbstractHandlerMethodMapping.java:543) Mapped "{[/generator/list]}" onto public java.util.List<com.htht.huoy.module.generator.model.Table> com.htht.huoy.module.generator.web.GeneratorController.getTableList(int,int,java.lang.String) 
[INFO][2018-09-10 09:46:51] org.springframework.web.servlet.handler.AbstractHandlerMethodMapping$MappingRegistry.register(AbstractHandlerMethodMapping.java:543) Mapped "{[/generator/genCode]}" onto public void com.htht.huoy.module.generator.web.GeneratorController.genCode(java.lang.String,java.lang.String,java.lang.String) 
[INFO][2018-09-10 09:46:51] org.springframework.web.servlet.handler.AbstractHandlerMethodMapping$MappingRegistry.register(AbstractHandlerMethodMapping.java:543) Mapped "{[/generator/count]}" onto public com.htht.huoy.module.generator.common.Result com.htht.huoy.module.generator.web.GeneratorController.getTableCount() 
[INFO][2018-09-10 09:46:51] org.springframework.web.servlet.handler.AbstractHandlerMethodMapping$MappingRegistry.register(AbstractHandlerMethodMapping.java:543) Mapped "{[/error]}" onto public org.springframework.http.ResponseEntity<java.util.Map<java.lang.String, java.lang.Object>> org.springframework.boot.autoconfigure.web.BasicErrorController.error(javax.servlet.http.HttpServletRequest) 
[INFO][2018-09-10 09:46:51] org.springframework.web.servlet.handler.AbstractHandlerMethodMapping$MappingRegistry.register(AbstractHandlerMethodMapping.java:543) Mapped "{[/error],produces=[text/html]}" onto public org.springframework.web.servlet.ModelAndView org.springframework.boot.autoconfigure.web.BasicErrorController.errorHtml(javax.servlet.http.HttpServletRequest,javax.servlet.http.HttpServletResponse) 
[INFO][2018-09-10 09:46:51] org.springframework.web.servlet.handler.AbstractUrlHandlerMapping.registerHandler(AbstractUrlHandlerMapping.java:362) Mapped URL path [/webjars/**] onto handler of type [class org.springframework.web.servlet.resource.ResourceHttpRequestHandler] 
[INFO][2018-09-10 09:46:51] org.springframework.web.servlet.handler.AbstractUrlHandlerMapping.registerHandler(AbstractUrlHandlerMapping.java:362) Mapped URL path [/**] onto handler of type [class org.springframework.web.servlet.resource.ResourceHttpRequestHandler] 
[INFO][2018-09-10 09:46:51] org.springframework.web.servlet.handler.AbstractUrlHandlerMapping.registerHandler(AbstractUrlHandlerMapping.java:362) Mapped URL path [/**/favicon.ico] onto handler of type [class org.springframework.web.servlet.resource.ResourceHttpRequestHandler] 
[INFO][2018-09-10 09:46:52] org.springframework.ui.freemarker.SpringTemplateLoader.<init>(SpringTemplateLoader.java:61) SpringTemplateLoader for FreeMarker: using resource loader [org.springframework.boot.context.embedded.AnnotationConfigEmbeddedWebApplicationContext@4690b489: startup date [Mon Sep 10 09:46:45 CST 2018]; root of context hierarchy] and template loader path [classpath:/templates/] 
[INFO][2018-09-10 09:46:52] org.springframework.web.servlet.view.freemarker.FreeMarkerConfigurer.postProcessTemplateLoaders(FreeMarkerConfigurer.java:127) ClassTemplateLoader for Spring macros added to FreeMarker configuration 
[INFO][2018-09-10 09:46:52] org.springframework.jmx.export.MBeanExporter.afterSingletonsInstantiated(MBeanExporter.java:431) Registering beans for JMX exposure on startup 
[INFO][2018-09-10 09:46:52] org.springframework.jmx.export.MBeanExporter.autodetect(MBeanExporter.java:916) Bean with name 'dataSource' has been autodetected for JMX exposure 
[INFO][2018-09-10 09:46:52] org.springframework.jmx.export.MBeanExporter.registerBeanInstance(MBeanExporter.java:671) Located MBean 'dataSource': registering with JMX server as MBean [com.alibaba.druid.pool:name=dataSource,type=DruidDataSource] 
[INFO][2018-09-10 09:46:52] org.springframework.boot.context.embedded.tomcat.TomcatEmbeddedServletContainer.start(TomcatEmbeddedServletContainer.java:198) Tomcat started on port(s): 80 (http) 
[INFO][2018-09-10 09:46:52] org.springframework.boot.StartupInfoLogger.logStarted(StartupInfoLogger.java:57) Started HuoyApplication in 8.227 seconds (JVM running for 11.717) 
[INFO][2018-09-10 09:49:40] org.springframework.web.servlet.FrameworkServlet.initServletBean(FrameworkServlet.java:489) FrameworkServlet 'dispatcherServlet': initialization started 
[INFO][2018-09-10 09:49:40] org.springframework.web.servlet.FrameworkServlet.initServletBean(FrameworkServlet.java:508) FrameworkServlet 'dispatcherServlet': initialization completed in 27 ms 
[INFO][2018-09-10 10:01:28] org.springframework.boot.StartupInfoLogger.logStarting(StartupInfoLogger.java:48) Starting HuoyApplication on DESKTOP-KLTQ8UN with PID 924 (D:\git-project\hz\huoy\target\classes started by Admin in D:\git-project\hz\huoy) 
[INFO][2018-09-10 10:01:28] org.springframework.boot.SpringApplication.logStartupProfileInfo(SpringApplication.java:637) No active profile set, falling back to default profiles: default 
[INFO][2018-09-10 10:01:28] org.springframework.context.support.AbstractApplicationContext.prepareRefresh(AbstractApplicationContext.java:582) Refreshing org.springframework.boot.context.embedded.AnnotationConfigEmbeddedWebApplicationContext@19bb07ed: startup date [Mon Sep 10 10:01:28 CST 2018]; root of context hierarchy 
[INFO][2018-09-10 10:01:28] org.hibernate.validator.internal.util.Version.<clinit>(Version.java:30) HV000001: Hibernate Validator 5.3.5.Final 
[INFO][2018-09-10 10:01:30] org.springframework.boot.context.embedded.tomcat.TomcatEmbeddedServletContainer.initialize(TomcatEmbeddedServletContainer.java:89) Tomcat initialized with port(s): 80 (http) 
[INFO][2018-09-10 10:01:30] org.springframework.boot.context.embedded.EmbeddedWebApplicationContext.prepareEmbeddedWebApplicationContext(EmbeddedWebApplicationContext.java:276) Root WebApplicationContext: initialization completed in 2427 ms 
[INFO][2018-09-10 10:01:30] org.springframework.boot.web.servlet.AbstractFilterRegistrationBean.configure(AbstractFilterRegistrationBean.java:258) Mapping filter: 'characterEncodingFilter' to: [/*] 
[INFO][2018-09-10 10:01:30] org.springframework.boot.web.servlet.AbstractFilterRegistrationBean.configure(AbstractFilterRegistrationBean.java:258) Mapping filter: 'hiddenHttpMethodFilter' to: [/*] 
[INFO][2018-09-10 10:01:30] org.springframework.boot.web.servlet.AbstractFilterRegistrationBean.configure(AbstractFilterRegistrationBean.java:258) Mapping filter: 'httpPutFormContentFilter' to: [/*] 
[INFO][2018-09-10 10:01:30] org.springframework.boot.web.servlet.AbstractFilterRegistrationBean.configure(AbstractFilterRegistrationBean.java:258) Mapping filter: 'requestContextFilter' to: [/*] 
[INFO][2018-09-10 10:01:30] org.springframework.boot.web.servlet.AbstractFilterRegistrationBean.configure(AbstractFilterRegistrationBean.java:271) Mapping filter: 'SimpleCORSFilter' to urls: [/*] 
[INFO][2018-09-10 10:01:30] org.springframework.boot.web.servlet.AbstractFilterRegistrationBean.configure(AbstractFilterRegistrationBean.java:258) Mapping filter: 'remoteIpFilter' to: [/*] 
[INFO][2018-09-10 10:01:30] org.springframework.boot.web.servlet.ServletRegistrationBean.onStartup(ServletRegistrationBean.java:190) Mapping servlet: 'dispatcherServlet' to [/] 
[ERROR][2018-09-10 10:01:31] com.alibaba.druid.pool.DruidDataSource.validationQueryCheck(DruidDataSource.java:855) testWhileIdle is true, validationQuery not set 
[INFO][2018-09-10 10:01:31] com.alibaba.druid.pool.DruidDataSource.init(DruidDataSource.java:715) {dataSource-1} inited 
[INFO][2018-09-10 10:01:31] org.springframework.orm.jpa.LocalContainerEntityManagerFactoryBean.createNativeEntityManagerFactory(LocalContainerEntityManagerFactoryBean.java:349) Building JPA container EntityManagerFactory for persistence unit 'default' 
[INFO][2018-09-10 10:01:31] org.hibernate.jpa.internal.util.LogHelper.logPersistenceUnitInformation(LogHelper.java:31) HHH000204: Processing PersistenceUnitInfo [
	name: default
	...] 
[INFO][2018-09-10 10:01:31] org.hibernate.Version.logVersion(Version.java:37) HHH000412: Hibernate Core {5.0.12.Final} 
[INFO][2018-09-10 10:01:31] org.hibernate.cfg.Environment.<clinit>(Environment.java:213) HHH000206: hibernate.properties not found 
[INFO][2018-09-10 10:01:31] org.hibernate.cfg.Environment.buildBytecodeProvider(Environment.java:317) HHH000021: Bytecode provider name : javassist 
[INFO][2018-09-10 10:01:31] org.hibernate.annotations.common.reflection.java.JavaReflectionManager.<clinit>(JavaReflectionManager.java:66) HCANN000001: Hibernate Commons Annotations {5.0.1.Final} 
[INFO][2018-09-10 10:01:31] org.hibernate.dialect.Dialect.<init>(Dialect.java:156) HHH000400: Using dialect: org.hibernate.dialect.Oracle9iDialect 
[INFO][2018-09-10 10:01:32] org.springframework.orm.jpa.AbstractEntityManagerFactoryBean.buildNativeEntityManagerFactory(AbstractEntityManagerFactoryBean.java:379) Initialized JPA EntityManagerFactory for persistence unit 'default' 
[INFO][2018-09-10 10:01:32] org.springframework.web.servlet.mvc.method.annotation.RequestMappingHandlerAdapter.initControllerAdviceCache(RequestMappingHandlerAdapter.java:534) Looking for @ControllerAdvice: org.springframework.boot.context.embedded.AnnotationConfigEmbeddedWebApplicationContext@19bb07ed: startup date [Mon Sep 10 10:01:28 CST 2018]; root of context hierarchy 
[INFO][2018-09-10 10:01:32] org.springframework.web.servlet.handler.AbstractHandlerMethodMapping$MappingRegistry.register(AbstractHandlerMethodMapping.java:543) Mapped "{[/generator/list]}" onto public com.github.pagehelper.PageInfo<com.htht.huoy.module.generator.model.Table> com.htht.huoy.module.generator.web.GeneratorController.getTableList(int,int,java.lang.String) 
[INFO][2018-09-10 10:01:32] org.springframework.web.servlet.handler.AbstractHandlerMethodMapping$MappingRegistry.register(AbstractHandlerMethodMapping.java:543) Mapped "{[/generator/count]}" onto public com.htht.huoy.module.generator.common.Result com.htht.huoy.module.generator.web.GeneratorController.getTableCount() 
[INFO][2018-09-10 10:01:32] org.springframework.web.servlet.handler.AbstractHandlerMethodMapping$MappingRegistry.register(AbstractHandlerMethodMapping.java:543) Mapped "{[/generator/genCode]}" onto public void com.htht.huoy.module.generator.web.GeneratorController.genCode(java.lang.String,java.lang.String,java.lang.String) 
[INFO][2018-09-10 10:01:32] org.springframework.web.servlet.handler.AbstractHandlerMethodMapping$MappingRegistry.register(AbstractHandlerMethodMapping.java:543) Mapped "{[/error]}" onto public org.springframework.http.ResponseEntity<java.util.Map<java.lang.String, java.lang.Object>> org.springframework.boot.autoconfigure.web.BasicErrorController.error(javax.servlet.http.HttpServletRequest) 
[INFO][2018-09-10 10:01:32] org.springframework.web.servlet.handler.AbstractHandlerMethodMapping$MappingRegistry.register(AbstractHandlerMethodMapping.java:543) Mapped "{[/error],produces=[text/html]}" onto public org.springframework.web.servlet.ModelAndView org.springframework.boot.autoconfigure.web.BasicErrorController.errorHtml(javax.servlet.http.HttpServletRequest,javax.servlet.http.HttpServletResponse) 
[INFO][2018-09-10 10:01:32] org.springframework.web.servlet.handler.AbstractUrlHandlerMapping.registerHandler(AbstractUrlHandlerMapping.java:362) Mapped URL path [/webjars/**] onto handler of type [class org.springframework.web.servlet.resource.ResourceHttpRequestHandler] 
[INFO][2018-09-10 10:01:32] org.springframework.web.servlet.handler.AbstractUrlHandlerMapping.registerHandler(AbstractUrlHandlerMapping.java:362) Mapped URL path [/**] onto handler of type [class org.springframework.web.servlet.resource.ResourceHttpRequestHandler] 
[INFO][2018-09-10 10:01:32] org.springframework.web.servlet.handler.AbstractUrlHandlerMapping.registerHandler(AbstractUrlHandlerMapping.java:362) Mapped URL path [/**/favicon.ico] onto handler of type [class org.springframework.web.servlet.resource.ResourceHttpRequestHandler] 
[INFO][2018-09-10 10:01:33] org.springframework.ui.freemarker.SpringTemplateLoader.<init>(SpringTemplateLoader.java:61) SpringTemplateLoader for FreeMarker: using resource loader [org.springframework.boot.context.embedded.AnnotationConfigEmbeddedWebApplicationContext@19bb07ed: startup date [Mon Sep 10 10:01:28 CST 2018]; root of context hierarchy] and template loader path [classpath:/templates/] 
[INFO][2018-09-10 10:01:33] org.springframework.web.servlet.view.freemarker.FreeMarkerConfigurer.postProcessTemplateLoaders(FreeMarkerConfigurer.java:127) ClassTemplateLoader for Spring macros added to FreeMarker configuration 
[INFO][2018-09-10 10:01:33] org.springframework.jmx.export.MBeanExporter.afterSingletonsInstantiated(MBeanExporter.java:431) Registering beans for JMX exposure on startup 
[INFO][2018-09-10 10:01:33] org.springframework.jmx.export.MBeanExporter.autodetect(MBeanExporter.java:916) Bean with name 'dataSource' has been autodetected for JMX exposure 
[INFO][2018-09-10 10:01:33] org.springframework.jmx.export.MBeanExporter.registerBeanInstance(MBeanExporter.java:671) Located MBean 'dataSource': registering with JMX server as MBean [com.alibaba.druid.pool:name=dataSource,type=DruidDataSource] 
[INFO][2018-09-10 10:01:33] org.springframework.boot.context.embedded.tomcat.TomcatEmbeddedServletContainer.start(TomcatEmbeddedServletContainer.java:198) Tomcat started on port(s): 80 (http) 
[INFO][2018-09-10 10:01:33] org.springframework.boot.StartupInfoLogger.logStarted(StartupInfoLogger.java:57) Started HuoyApplication in 6.167 seconds (JVM running for 8.025) 
[INFO][2018-09-10 10:02:04] org.springframework.web.servlet.FrameworkServlet.initServletBean(FrameworkServlet.java:489) FrameworkServlet 'dispatcherServlet': initialization started 
[INFO][2018-09-10 10:02:04] org.springframework.web.servlet.FrameworkServlet.initServletBean(FrameworkServlet.java:508) FrameworkServlet 'dispatcherServlet': initialization completed in 25 ms 
[INFO][2018-09-10 10:10:05] org.springframework.boot.StartupInfoLogger.logStarting(StartupInfoLogger.java:48) Starting HuoyApplication on DESKTOP-KLTQ8UN with PID 16852 (D:\git-project\hz\huoy\target\classes started by Admin in D:\git-project\hz\huoy) 
[INFO][2018-09-10 10:10:05] org.springframework.boot.SpringApplication.logStartupProfileInfo(SpringApplication.java:637) No active profile set, falling back to default profiles: default 
[INFO][2018-09-10 10:10:05] org.springframework.context.support.AbstractApplicationContext.prepareRefresh(AbstractApplicationContext.java:582) Refreshing org.springframework.boot.context.embedded.AnnotationConfigEmbeddedWebApplicationContext@19bb07ed: startup date [Mon Sep 10 10:10:05 CST 2018]; root of context hierarchy 
[INFO][2018-09-10 10:10:05] org.hibernate.validator.internal.util.Version.<clinit>(Version.java:30) HV000001: Hibernate Validator 5.3.5.Final 
[INFO][2018-09-10 10:10:07] org.springframework.boot.context.embedded.tomcat.TomcatEmbeddedServletContainer.initialize(TomcatEmbeddedServletContainer.java:89) Tomcat initialized with port(s): 80 (http) 
[INFO][2018-09-10 10:10:07] org.springframework.boot.context.embedded.EmbeddedWebApplicationContext.prepareEmbeddedWebApplicationContext(EmbeddedWebApplicationContext.java:276) Root WebApplicationContext: initialization completed in 2188 ms 
[INFO][2018-09-10 10:10:07] org.springframework.boot.web.servlet.AbstractFilterRegistrationBean.configure(AbstractFilterRegistrationBean.java:258) Mapping filter: 'characterEncodingFilter' to: [/*] 
[INFO][2018-09-10 10:10:07] org.springframework.boot.web.servlet.AbstractFilterRegistrationBean.configure(AbstractFilterRegistrationBean.java:258) Mapping filter: 'hiddenHttpMethodFilter' to: [/*] 
[INFO][2018-09-10 10:10:07] org.springframework.boot.web.servlet.AbstractFilterRegistrationBean.configure(AbstractFilterRegistrationBean.java:258) Mapping filter: 'httpPutFormContentFilter' to: [/*] 
[INFO][2018-09-10 10:10:07] org.springframework.boot.web.servlet.AbstractFilterRegistrationBean.configure(AbstractFilterRegistrationBean.java:258) Mapping filter: 'requestContextFilter' to: [/*] 
[INFO][2018-09-10 10:10:07] org.springframework.boot.web.servlet.AbstractFilterRegistrationBean.configure(AbstractFilterRegistrationBean.java:271) Mapping filter: 'SimpleCORSFilter' to urls: [/*] 
[INFO][2018-09-10 10:10:07] org.springframework.boot.web.servlet.AbstractFilterRegistrationBean.configure(AbstractFilterRegistrationBean.java:258) Mapping filter: 'remoteIpFilter' to: [/*] 
[INFO][2018-09-10 10:10:07] org.springframework.boot.web.servlet.ServletRegistrationBean.onStartup(ServletRegistrationBean.java:190) Mapping servlet: 'dispatcherServlet' to [/] 
[ERROR][2018-09-10 10:10:08] com.alibaba.druid.pool.DruidDataSource.validationQueryCheck(DruidDataSource.java:855) testWhileIdle is true, validationQuery not set 
[INFO][2018-09-10 10:10:08] com.alibaba.druid.pool.DruidDataSource.init(DruidDataSource.java:715) {dataSource-1} inited 
[INFO][2018-09-10 10:10:08] org.springframework.orm.jpa.LocalContainerEntityManagerFactoryBean.createNativeEntityManagerFactory(LocalContainerEntityManagerFactoryBean.java:349) Building JPA container EntityManagerFactory for persistence unit 'default' 
[INFO][2018-09-10 10:10:08] org.hibernate.jpa.internal.util.LogHelper.logPersistenceUnitInformation(LogHelper.java:31) HHH000204: Processing PersistenceUnitInfo [
	name: default
	...] 
[INFO][2018-09-10 10:10:08] org.hibernate.Version.logVersion(Version.java:37) HHH000412: Hibernate Core {5.0.12.Final} 
[INFO][2018-09-10 10:10:08] org.hibernate.cfg.Environment.<clinit>(Environment.java:213) HHH000206: hibernate.properties not found 
[INFO][2018-09-10 10:10:08] org.hibernate.cfg.Environment.buildBytecodeProvider(Environment.java:317) HHH000021: Bytecode provider name : javassist 
[INFO][2018-09-10 10:10:08] org.hibernate.annotations.common.reflection.java.JavaReflectionManager.<clinit>(JavaReflectionManager.java:66) HCANN000001: Hibernate Commons Annotations {5.0.1.Final} 
[INFO][2018-09-10 10:10:08] org.hibernate.dialect.Dialect.<init>(Dialect.java:156) HHH000400: Using dialect: org.hibernate.dialect.Oracle9iDialect 
[INFO][2018-09-10 10:10:08] org.springframework.orm.jpa.AbstractEntityManagerFactoryBean.buildNativeEntityManagerFactory(AbstractEntityManagerFactoryBean.java:379) Initialized JPA EntityManagerFactory for persistence unit 'default' 
[INFO][2018-09-10 10:10:09] org.springframework.web.servlet.mvc.method.annotation.RequestMappingHandlerAdapter.initControllerAdviceCache(RequestMappingHandlerAdapter.java:534) Looking for @ControllerAdvice: org.springframework.boot.context.embedded.AnnotationConfigEmbeddedWebApplicationContext@19bb07ed: startup date [Mon Sep 10 10:10:05 CST 2018]; root of context hierarchy 
[INFO][2018-09-10 10:10:09] org.springframework.web.servlet.handler.AbstractHandlerMethodMapping$MappingRegistry.register(AbstractHandlerMethodMapping.java:543) Mapped "{[/generator/count]}" onto public com.htht.huoy.module.generator.common.Result com.htht.huoy.module.generator.web.GeneratorController.getTableCount() 
[INFO][2018-09-10 10:10:09] org.springframework.web.servlet.handler.AbstractHandlerMethodMapping$MappingRegistry.register(AbstractHandlerMethodMapping.java:543) Mapped "{[/generator/list]}" onto public com.github.pagehelper.PageInfo<com.htht.huoy.module.generator.model.Table> com.htht.huoy.module.generator.web.GeneratorController.getTableList(int,int,java.lang.String) 
[INFO][2018-09-10 10:10:09] org.springframework.web.servlet.handler.AbstractHandlerMethodMapping$MappingRegistry.register(AbstractHandlerMethodMapping.java:543) Mapped "{[/generator/genCode]}" onto public void com.htht.huoy.module.generator.web.GeneratorController.genCode(java.lang.String,java.lang.String,java.lang.String) 
[INFO][2018-09-10 10:10:09] org.springframework.web.servlet.handler.AbstractHandlerMethodMapping$MappingRegistry.register(AbstractHandlerMethodMapping.java:543) Mapped "{[/error]}" onto public org.springframework.http.ResponseEntity<java.util.Map<java.lang.String, java.lang.Object>> org.springframework.boot.autoconfigure.web.BasicErrorController.error(javax.servlet.http.HttpServletRequest) 
[INFO][2018-09-10 10:10:09] org.springframework.web.servlet.handler.AbstractHandlerMethodMapping$MappingRegistry.register(AbstractHandlerMethodMapping.java:543) Mapped "{[/error],produces=[text/html]}" onto public org.springframework.web.servlet.ModelAndView org.springframework.boot.autoconfigure.web.BasicErrorController.errorHtml(javax.servlet.http.HttpServletRequest,javax.servlet.http.HttpServletResponse) 
[INFO][2018-09-10 10:10:09] org.springframework.web.servlet.handler.AbstractUrlHandlerMapping.registerHandler(AbstractUrlHandlerMapping.java:362) Mapped URL path [/webjars/**] onto handler of type [class org.springframework.web.servlet.resource.ResourceHttpRequestHandler] 
[INFO][2018-09-10 10:10:09] org.springframework.web.servlet.handler.AbstractUrlHandlerMapping.registerHandler(AbstractUrlHandlerMapping.java:362) Mapped URL path [/**] onto handler of type [class org.springframework.web.servlet.resource.ResourceHttpRequestHandler] 
[INFO][2018-09-10 10:10:09] org.springframework.web.servlet.handler.AbstractUrlHandlerMapping.registerHandler(AbstractUrlHandlerMapping.java:362) Mapped URL path [/**/favicon.ico] onto handler of type [class org.springframework.web.servlet.resource.ResourceHttpRequestHandler] 
[INFO][2018-09-10 10:10:09] org.springframework.ui.freemarker.SpringTemplateLoader.<init>(SpringTemplateLoader.java:61) SpringTemplateLoader for FreeMarker: using resource loader [org.springframework.boot.context.embedded.AnnotationConfigEmbeddedWebApplicationContext@19bb07ed: startup date [Mon Sep 10 10:10:05 CST 2018]; root of context hierarchy] and template loader path [classpath:/templates/] 
[INFO][2018-09-10 10:10:09] org.springframework.web.servlet.view.freemarker.FreeMarkerConfigurer.postProcessTemplateLoaders(FreeMarkerConfigurer.java:127) ClassTemplateLoader for Spring macros added to FreeMarker configuration 
[INFO][2018-09-10 10:10:10] org.springframework.jmx.export.MBeanExporter.afterSingletonsInstantiated(MBeanExporter.java:431) Registering beans for JMX exposure on startup 
[INFO][2018-09-10 10:10:10] org.springframework.jmx.export.MBeanExporter.autodetect(MBeanExporter.java:916) Bean with name 'dataSource' has been autodetected for JMX exposure 
[INFO][2018-09-10 10:10:10] org.springframework.jmx.export.MBeanExporter.registerBeanInstance(MBeanExporter.java:671) Located MBean 'dataSource': registering with JMX server as MBean [com.alibaba.druid.pool:name=dataSource,type=DruidDataSource] 
[INFO][2018-09-10 10:10:10] org.springframework.boot.context.embedded.tomcat.TomcatEmbeddedServletContainer.start(TomcatEmbeddedServletContainer.java:198) Tomcat started on port(s): 80 (http) 
[INFO][2018-09-10 10:10:10] org.springframework.boot.StartupInfoLogger.logStarted(StartupInfoLogger.java:57) Started HuoyApplication in 5.394 seconds (JVM running for 6.936) 
[INFO][2018-09-10 10:11:47] org.springframework.web.servlet.FrameworkServlet.initServletBean(FrameworkServlet.java:489) FrameworkServlet 'dispatcherServlet': initialization started 
[INFO][2018-09-10 10:11:47] org.springframework.web.servlet.FrameworkServlet.initServletBean(FrameworkServlet.java:508) FrameworkServlet 'dispatcherServlet': initialization completed in 24 ms 
[INFO][2018-09-10 10:15:46] org.springframework.boot.StartupInfoLogger.logStarting(StartupInfoLogger.java:48) Starting HuoyApplication on DESKTOP-KLTQ8UN with PID 11972 (D:\git-project\hz\huoy\target\classes started by Admin in D:\git-project\hz\huoy) 
[INFO][2018-09-10 10:15:46] org.springframework.boot.SpringApplication.logStartupProfileInfo(SpringApplication.java:637) No active profile set, falling back to default profiles: default 
[INFO][2018-09-10 10:15:47] org.springframework.context.support.AbstractApplicationContext.prepareRefresh(AbstractApplicationContext.java:582) Refreshing org.springframework.boot.context.embedded.AnnotationConfigEmbeddedWebApplicationContext@19bb07ed: startup date [Mon Sep 10 10:15:47 CST 2018]; root of context hierarchy 
[INFO][2018-09-10 10:15:47] org.hibernate.validator.internal.util.Version.<clinit>(Version.java:30) HV000001: Hibernate Validator 5.3.5.Final 
[INFO][2018-09-10 10:15:49] org.springframework.boot.context.embedded.tomcat.TomcatEmbeddedServletContainer.initialize(TomcatEmbeddedServletContainer.java:89) Tomcat initialized with port(s): 80 (http) 
[INFO][2018-09-10 10:15:49] org.springframework.boot.context.embedded.EmbeddedWebApplicationContext.prepareEmbeddedWebApplicationContext(EmbeddedWebApplicationContext.java:276) Root WebApplicationContext: initialization completed in 2344 ms 
[INFO][2018-09-10 10:15:49] org.springframework.boot.web.servlet.AbstractFilterRegistrationBean.configure(AbstractFilterRegistrationBean.java:258) Mapping filter: 'characterEncodingFilter' to: [/*] 
[INFO][2018-09-10 10:15:49] org.springframework.boot.web.servlet.AbstractFilterRegistrationBean.configure(AbstractFilterRegistrationBean.java:258) Mapping filter: 'hiddenHttpMethodFilter' to: [/*] 
[INFO][2018-09-10 10:15:49] org.springframework.boot.web.servlet.AbstractFilterRegistrationBean.configure(AbstractFilterRegistrationBean.java:258) Mapping filter: 'httpPutFormContentFilter' to: [/*] 
[INFO][2018-09-10 10:15:49] org.springframework.boot.web.servlet.AbstractFilterRegistrationBean.configure(AbstractFilterRegistrationBean.java:258) Mapping filter: 'requestContextFilter' to: [/*] 
[INFO][2018-09-10 10:15:49] org.springframework.boot.web.servlet.AbstractFilterRegistrationBean.configure(AbstractFilterRegistrationBean.java:271) Mapping filter: 'SimpleCORSFilter' to urls: [/*] 
[INFO][2018-09-10 10:15:49] org.springframework.boot.web.servlet.AbstractFilterRegistrationBean.configure(AbstractFilterRegistrationBean.java:258) Mapping filter: 'remoteIpFilter' to: [/*] 
[INFO][2018-09-10 10:15:49] org.springframework.boot.web.servlet.ServletRegistrationBean.onStartup(ServletRegistrationBean.java:190) Mapping servlet: 'dispatcherServlet' to [/] 
[ERROR][2018-09-10 10:15:49] com.alibaba.druid.pool.DruidDataSource.validationQueryCheck(DruidDataSource.java:855) testWhileIdle is true, validationQuery not set 
[INFO][2018-09-10 10:15:49] com.alibaba.druid.pool.DruidDataSource.init(DruidDataSource.java:715) {dataSource-1} inited 
[INFO][2018-09-10 10:15:50] org.springframework.orm.jpa.LocalContainerEntityManagerFactoryBean.createNativeEntityManagerFactory(LocalContainerEntityManagerFactoryBean.java:349) Building JPA container EntityManagerFactory for persistence unit 'default' 
[INFO][2018-09-10 10:15:50] org.hibernate.jpa.internal.util.LogHelper.logPersistenceUnitInformation(LogHelper.java:31) HHH000204: Processing PersistenceUnitInfo [
	name: default
	...] 
[INFO][2018-09-10 10:15:50] org.hibernate.Version.logVersion(Version.java:37) HHH000412: Hibernate Core {5.0.12.Final} 
[INFO][2018-09-10 10:15:50] org.hibernate.cfg.Environment.<clinit>(Environment.java:213) HHH000206: hibernate.properties not found 
[INFO][2018-09-10 10:15:50] org.hibernate.cfg.Environment.buildBytecodeProvider(Environment.java:317) HHH000021: Bytecode provider name : javassist 
[INFO][2018-09-10 10:15:50] org.hibernate.annotations.common.reflection.java.JavaReflectionManager.<clinit>(JavaReflectionManager.java:66) HCANN000001: Hibernate Commons Annotations {5.0.1.Final} 
[INFO][2018-09-10 10:15:50] org.hibernate.dialect.Dialect.<init>(Dialect.java:156) HHH000400: Using dialect: org.hibernate.dialect.Oracle9iDialect 
[INFO][2018-09-10 10:15:50] org.springframework.orm.jpa.AbstractEntityManagerFactoryBean.buildNativeEntityManagerFactory(AbstractEntityManagerFactoryBean.java:379) Initialized JPA EntityManagerFactory for persistence unit 'default' 
[INFO][2018-09-10 10:15:51] org.springframework.web.servlet.mvc.method.annotation.RequestMappingHandlerAdapter.initControllerAdviceCache(RequestMappingHandlerAdapter.java:534) Looking for @ControllerAdvice: org.springframework.boot.context.embedded.AnnotationConfigEmbeddedWebApplicationContext@19bb07ed: startup date [Mon Sep 10 10:15:47 CST 2018]; root of context hierarchy 
[INFO][2018-09-10 10:15:51] org.springframework.web.servlet.handler.AbstractHandlerMethodMapping$MappingRegistry.register(AbstractHandlerMethodMapping.java:543) Mapped "{[/generator/list]}" onto public com.htht.huoy.module.generator.common.Result com.htht.huoy.module.generator.web.GeneratorController.getTableList(int,int,java.lang.String) 
[INFO][2018-09-10 10:15:51] org.springframework.web.servlet.handler.AbstractHandlerMethodMapping$MappingRegistry.register(AbstractHandlerMethodMapping.java:543) Mapped "{[/generator/genCode]}" onto public void com.htht.huoy.module.generator.web.GeneratorController.genCode(java.lang.String,java.lang.String,java.lang.String) 
[INFO][2018-09-10 10:15:51] org.springframework.web.servlet.handler.AbstractHandlerMethodMapping$MappingRegistry.register(AbstractHandlerMethodMapping.java:543) Mapped "{[/generator/count]}" onto public com.htht.huoy.module.generator.common.Result com.htht.huoy.module.generator.web.GeneratorController.getTableCount() 
[INFO][2018-09-10 10:15:51] org.springframework.web.servlet.handler.AbstractHandlerMethodMapping$MappingRegistry.register(AbstractHandlerMethodMapping.java:543) Mapped "{[/error]}" onto public org.springframework.http.ResponseEntity<java.util.Map<java.lang.String, java.lang.Object>> org.springframework.boot.autoconfigure.web.BasicErrorController.error(javax.servlet.http.HttpServletRequest) 
[INFO][2018-09-10 10:15:51] org.springframework.web.servlet.handler.AbstractHandlerMethodMapping$MappingRegistry.register(AbstractHandlerMethodMapping.java:543) Mapped "{[/error],produces=[text/html]}" onto public org.springframework.web.servlet.ModelAndView org.springframework.boot.autoconfigure.web.BasicErrorController.errorHtml(javax.servlet.http.HttpServletRequest,javax.servlet.http.HttpServletResponse) 
[INFO][2018-09-10 10:15:51] org.springframework.web.servlet.handler.AbstractUrlHandlerMapping.registerHandler(AbstractUrlHandlerMapping.java:362) Mapped URL path [/webjars/**] onto handler of type [class org.springframework.web.servlet.resource.ResourceHttpRequestHandler] 
[INFO][2018-09-10 10:15:51] org.springframework.web.servlet.handler.AbstractUrlHandlerMapping.registerHandler(AbstractUrlHandlerMapping.java:362) Mapped URL path [/**] onto handler of type [class org.springframework.web.servlet.resource.ResourceHttpRequestHandler] 
[INFO][2018-09-10 10:15:51] org.springframework.web.servlet.handler.AbstractUrlHandlerMapping.registerHandler(AbstractUrlHandlerMapping.java:362) Mapped URL path [/**/favicon.ico] onto handler of type [class org.springframework.web.servlet.resource.ResourceHttpRequestHandler] 
[INFO][2018-09-10 10:15:51] org.springframework.ui.freemarker.SpringTemplateLoader.<init>(SpringTemplateLoader.java:61) SpringTemplateLoader for FreeMarker: using resource loader [org.springframework.boot.context.embedded.AnnotationConfigEmbeddedWebApplicationContext@19bb07ed: startup date [Mon Sep 10 10:15:47 CST 2018]; root of context hierarchy] and template loader path [classpath:/templates/] 
[INFO][2018-09-10 10:15:51] org.springframework.web.servlet.view.freemarker.FreeMarkerConfigurer.postProcessTemplateLoaders(FreeMarkerConfigurer.java:127) ClassTemplateLoader for Spring macros added to FreeMarker configuration 
[INFO][2018-09-10 10:15:51] org.springframework.jmx.export.MBeanExporter.afterSingletonsInstantiated(MBeanExporter.java:431) Registering beans for JMX exposure on startup 
[INFO][2018-09-10 10:15:51] org.springframework.jmx.export.MBeanExporter.autodetect(MBeanExporter.java:916) Bean with name 'dataSource' has been autodetected for JMX exposure 
[INFO][2018-09-10 10:15:51] org.springframework.jmx.export.MBeanExporter.registerBeanInstance(MBeanExporter.java:671) Located MBean 'dataSource': registering with JMX server as MBean [com.alibaba.druid.pool:name=dataSource,type=DruidDataSource] 
[INFO][2018-09-10 10:15:51] org.springframework.boot.context.embedded.tomcat.TomcatEmbeddedServletContainer.start(TomcatEmbeddedServletContainer.java:198) Tomcat started on port(s): 80 (http) 
[INFO][2018-09-10 10:15:51] org.springframework.boot.StartupInfoLogger.logStarted(StartupInfoLogger.java:57) Started HuoyApplication in 5.765 seconds (JVM running for 7.963) 
[INFO][2018-09-10 10:18:54] org.springframework.web.servlet.FrameworkServlet.initServletBean(FrameworkServlet.java:489) FrameworkServlet 'dispatcherServlet': initialization started 
[INFO][2018-09-10 10:18:54] org.springframework.web.servlet.FrameworkServlet.initServletBean(FrameworkServlet.java:508) FrameworkServlet 'dispatcherServlet': initialization completed in 31 ms 
[INFO][2018-09-10 15:41:45] org.springframework.boot.StartupInfoLogger.logStarting(StartupInfoLogger.java:48) Starting HuoyApplication on DESKTOP-KLTQ8UN with PID 20004 (D:\git-project\hz\huoy\target\classes started by Admin in D:\git-project\hz\huoy) 
[INFO][2018-09-10 15:41:45] org.springframework.boot.SpringApplication.logStartupProfileInfo(SpringApplication.java:637) No active profile set, falling back to default profiles: default 
[INFO][2018-09-10 15:41:46] org.springframework.context.support.AbstractApplicationContext.prepareRefresh(AbstractApplicationContext.java:582) Refreshing org.springframework.boot.context.embedded.AnnotationConfigEmbeddedWebApplicationContext@82ea68c: startup date [Mon Sep 10 15:41:46 CST 2018]; root of context hierarchy 
[INFO][2018-09-10 15:41:46] org.hibernate.validator.internal.util.Version.<clinit>(Version.java:30) HV000001: Hibernate Validator 5.3.5.Final 
[INFO][2018-09-10 15:41:49] org.springframework.boot.context.embedded.tomcat.TomcatEmbeddedServletContainer.initialize(TomcatEmbeddedServletContainer.java:89) Tomcat initialized with port(s): 80 (http) 
[INFO][2018-09-10 15:41:49] org.springframework.boot.context.embedded.EmbeddedWebApplicationContext.prepareEmbeddedWebApplicationContext(EmbeddedWebApplicationContext.java:276) Root WebApplicationContext: initialization completed in 3319 ms 
[INFO][2018-09-10 15:41:49] org.springframework.boot.web.servlet.AbstractFilterRegistrationBean.configure(AbstractFilterRegistrationBean.java:258) Mapping filter: 'characterEncodingFilter' to: [/*] 
[INFO][2018-09-10 15:41:49] org.springframework.boot.web.servlet.AbstractFilterRegistrationBean.configure(AbstractFilterRegistrationBean.java:258) Mapping filter: 'hiddenHttpMethodFilter' to: [/*] 
[INFO][2018-09-10 15:41:49] org.springframework.boot.web.servlet.AbstractFilterRegistrationBean.configure(AbstractFilterRegistrationBean.java:258) Mapping filter: 'httpPutFormContentFilter' to: [/*] 
[INFO][2018-09-10 15:41:49] org.springframework.boot.web.servlet.AbstractFilterRegistrationBean.configure(AbstractFilterRegistrationBean.java:258) Mapping filter: 'requestContextFilter' to: [/*] 
[INFO][2018-09-10 15:41:49] org.springframework.boot.web.servlet.AbstractFilterRegistrationBean.configure(AbstractFilterRegistrationBean.java:271) Mapping filter: 'SimpleCORSFilter' to urls: [/*] 
[INFO][2018-09-10 15:41:49] org.springframework.boot.web.servlet.AbstractFilterRegistrationBean.configure(AbstractFilterRegistrationBean.java:258) Mapping filter: 'remoteIpFilter' to: [/*] 
[INFO][2018-09-10 15:41:49] org.springframework.boot.web.servlet.ServletRegistrationBean.onStartup(ServletRegistrationBean.java:190) Mapping servlet: 'dispatcherServlet' to [/] 
[ERROR][2018-09-10 15:41:50] com.alibaba.druid.pool.DruidDataSource.validationQueryCheck(DruidDataSource.java:855) testWhileIdle is true, validationQuery not set 
[INFO][2018-09-10 15:41:50] com.alibaba.druid.pool.DruidDataSource.init(DruidDataSource.java:715) {dataSource-1} inited 
[INFO][2018-09-10 15:41:50] org.springframework.orm.jpa.LocalContainerEntityManagerFactoryBean.createNativeEntityManagerFactory(LocalContainerEntityManagerFactoryBean.java:349) Building JPA container EntityManagerFactory for persistence unit 'default' 
[INFO][2018-09-10 15:41:50] org.hibernate.jpa.internal.util.LogHelper.logPersistenceUnitInformation(LogHelper.java:31) HHH000204: Processing PersistenceUnitInfo [
	name: default
	...] 
[INFO][2018-09-10 15:41:50] org.hibernate.Version.logVersion(Version.java:37) HHH000412: Hibernate Core {5.0.12.Final} 
[INFO][2018-09-10 15:41:50] org.hibernate.cfg.Environment.<clinit>(Environment.java:213) HHH000206: hibernate.properties not found 
[INFO][2018-09-10 15:41:50] org.hibernate.cfg.Environment.buildBytecodeProvider(Environment.java:317) HHH000021: Bytecode provider name : javassist 
[INFO][2018-09-10 15:41:51] org.hibernate.annotations.common.reflection.java.JavaReflectionManager.<clinit>(JavaReflectionManager.java:66) HCANN000001: Hibernate Commons Annotations {5.0.1.Final} 
[INFO][2018-09-10 15:41:51] org.hibernate.dialect.Dialect.<init>(Dialect.java:156) HHH000400: Using dialect: org.hibernate.dialect.Oracle9iDialect 
[INFO][2018-09-10 15:41:51] org.springframework.orm.jpa.AbstractEntityManagerFactoryBean.buildNativeEntityManagerFactory(AbstractEntityManagerFactoryBean.java:379) Initialized JPA EntityManagerFactory for persistence unit 'default' 
[INFO][2018-09-10 15:41:53] org.springframework.web.servlet.mvc.method.annotation.RequestMappingHandlerAdapter.initControllerAdviceCache(RequestMappingHandlerAdapter.java:534) Looking for @ControllerAdvice: org.springframework.boot.context.embedded.AnnotationConfigEmbeddedWebApplicationContext@82ea68c: startup date [Mon Sep 10 15:41:46 CST 2018]; root of context hierarchy 
[INFO][2018-09-10 15:41:53] org.springframework.web.servlet.handler.AbstractHandlerMethodMapping$MappingRegistry.register(AbstractHandlerMethodMapping.java:543) Mapped "{[/generator/list]}" onto public com.htht.huoy.module.generator.common.Result com.htht.huoy.module.generator.web.GeneratorController.getTableList(int,int,java.lang.String) 
[INFO][2018-09-10 15:41:53] org.springframework.web.servlet.handler.AbstractHandlerMethodMapping$MappingRegistry.register(AbstractHandlerMethodMapping.java:543) Mapped "{[/generator/genCode]}" onto public void com.htht.huoy.module.generator.web.GeneratorController.genCode(java.util.Map<java.lang.String, java.lang.String>) 
[INFO][2018-09-10 15:41:53] org.springframework.web.servlet.handler.AbstractHandlerMethodMapping$MappingRegistry.register(AbstractHandlerMethodMapping.java:543) Mapped "{[/generator/count]}" onto public com.htht.huoy.module.generator.common.Result com.htht.huoy.module.generator.web.GeneratorController.getTableCount() 
[INFO][2018-09-10 15:41:53] org.springframework.web.servlet.handler.AbstractHandlerMethodMapping$MappingRegistry.register(AbstractHandlerMethodMapping.java:543) Mapped "{[/error]}" onto public org.springframework.http.ResponseEntity<java.util.Map<java.lang.String, java.lang.Object>> org.springframework.boot.autoconfigure.web.BasicErrorController.error(javax.servlet.http.HttpServletRequest) 
[INFO][2018-09-10 15:41:53] org.springframework.web.servlet.handler.AbstractHandlerMethodMapping$MappingRegistry.register(AbstractHandlerMethodMapping.java:543) Mapped "{[/error],produces=[text/html]}" onto public org.springframework.web.servlet.ModelAndView org.springframework.boot.autoconfigure.web.BasicErrorController.errorHtml(javax.servlet.http.HttpServletRequest,javax.servlet.http.HttpServletResponse) 
[INFO][2018-09-10 15:41:53] org.springframework.web.servlet.handler.AbstractUrlHandlerMapping.registerHandler(AbstractUrlHandlerMapping.java:362) Mapped URL path [/webjars/**] onto handler of type [class org.springframework.web.servlet.resource.ResourceHttpRequestHandler] 
[INFO][2018-09-10 15:41:53] org.springframework.web.servlet.handler.AbstractUrlHandlerMapping.registerHandler(AbstractUrlHandlerMapping.java:362) Mapped URL path [/**] onto handler of type [class org.springframework.web.servlet.resource.ResourceHttpRequestHandler] 
[INFO][2018-09-10 15:41:53] org.springframework.web.servlet.handler.AbstractUrlHandlerMapping.registerHandler(AbstractUrlHandlerMapping.java:362) Mapped URL path [/**/favicon.ico] onto handler of type [class org.springframework.web.servlet.resource.ResourceHttpRequestHandler] 
[INFO][2018-09-10 15:41:54] org.springframework.ui.freemarker.SpringTemplateLoader.<init>(SpringTemplateLoader.java:61) SpringTemplateLoader for FreeMarker: using resource loader [org.springframework.boot.context.embedded.AnnotationConfigEmbeddedWebApplicationContext@82ea68c: startup date [Mon Sep 10 15:41:46 CST 2018]; root of context hierarchy] and template loader path [classpath:/templates/] 
[INFO][2018-09-10 15:41:54] org.springframework.web.servlet.view.freemarker.FreeMarkerConfigurer.postProcessTemplateLoaders(FreeMarkerConfigurer.java:127) ClassTemplateLoader for Spring macros added to FreeMarker configuration 
[INFO][2018-09-10 15:41:54] org.springframework.jmx.export.MBeanExporter.afterSingletonsInstantiated(MBeanExporter.java:431) Registering beans for JMX exposure on startup 
[INFO][2018-09-10 15:41:54] org.springframework.jmx.export.MBeanExporter.autodetect(MBeanExporter.java:916) Bean with name 'dataSource' has been autodetected for JMX exposure 
[INFO][2018-09-10 15:41:54] org.springframework.jmx.export.MBeanExporter.registerBeanInstance(MBeanExporter.java:671) Located MBean 'dataSource': registering with JMX server as MBean [com.alibaba.druid.pool:name=dataSource,type=DruidDataSource] 
[INFO][2018-09-10 15:41:54] org.springframework.boot.context.embedded.tomcat.TomcatEmbeddedServletContainer.start(TomcatEmbeddedServletContainer.java:198) Tomcat started on port(s): 80 (http) 
[INFO][2018-09-10 15:41:54] org.springframework.boot.StartupInfoLogger.logStarted(StartupInfoLogger.java:57) Started HuoyApplication in 9.938 seconds (JVM running for 17.305) 
[INFO][2018-09-10 15:43:49] org.springframework.web.servlet.FrameworkServlet.initServletBean(FrameworkServlet.java:489) FrameworkServlet 'dispatcherServlet': initialization started 
[INFO][2018-09-10 15:43:50] org.springframework.web.servlet.FrameworkServlet.initServletBean(FrameworkServlet.java:508) FrameworkServlet 'dispatcherServlet': initialization completed in 74 ms 
[INFO][2018-09-10 15:53:49] org.springframework.boot.StartupInfoLogger.logStarting(StartupInfoLogger.java:48) Starting HuoyApplication on DESKTOP-KLTQ8UN with PID 8060 (D:\git-project\hz\huoy\target\classes started by Admin in D:\git-project\hz\huoy) 
[INFO][2018-09-10 15:53:49] org.springframework.boot.SpringApplication.logStartupProfileInfo(SpringApplication.java:637) No active profile set, falling back to default profiles: default 
[INFO][2018-09-10 15:53:49] org.springframework.context.support.AbstractApplicationContext.prepareRefresh(AbstractApplicationContext.java:582) Refreshing org.springframework.boot.context.embedded.AnnotationConfigEmbeddedWebApplicationContext@3af0a9da: startup date [Mon Sep 10 15:53:49 CST 2018]; root of context hierarchy 
[INFO][2018-09-10 15:53:50] org.hibernate.validator.internal.util.Version.<clinit>(Version.java:30) HV000001: Hibernate Validator 5.3.5.Final 
[INFO][2018-09-10 15:53:51] org.springframework.boot.context.embedded.tomcat.TomcatEmbeddedServletContainer.initialize(TomcatEmbeddedServletContainer.java:89) Tomcat initialized with port(s): 80 (http) 
[INFO][2018-09-10 15:53:52] org.springframework.boot.context.embedded.EmbeddedWebApplicationContext.prepareEmbeddedWebApplicationContext(EmbeddedWebApplicationContext.java:276) Root WebApplicationContext: initialization completed in 2462 ms 
[INFO][2018-09-10 15:53:52] org.springframework.boot.web.servlet.AbstractFilterRegistrationBean.configure(AbstractFilterRegistrationBean.java:258) Mapping filter: 'characterEncodingFilter' to: [/*] 
[INFO][2018-09-10 15:53:52] org.springframework.boot.web.servlet.AbstractFilterRegistrationBean.configure(AbstractFilterRegistrationBean.java:258) Mapping filter: 'hiddenHttpMethodFilter' to: [/*] 
[INFO][2018-09-10 15:53:52] org.springframework.boot.web.servlet.AbstractFilterRegistrationBean.configure(AbstractFilterRegistrationBean.java:258) Mapping filter: 'httpPutFormContentFilter' to: [/*] 
[INFO][2018-09-10 15:53:52] org.springframework.boot.web.servlet.AbstractFilterRegistrationBean.configure(AbstractFilterRegistrationBean.java:258) Mapping filter: 'requestContextFilter' to: [/*] 
[INFO][2018-09-10 15:53:52] org.springframework.boot.web.servlet.AbstractFilterRegistrationBean.configure(AbstractFilterRegistrationBean.java:271) Mapping filter: 'SimpleCORSFilter' to urls: [/*] 
[INFO][2018-09-10 15:53:52] org.springframework.boot.web.servlet.AbstractFilterRegistrationBean.configure(AbstractFilterRegistrationBean.java:258) Mapping filter: 'remoteIpFilter' to: [/*] 
[INFO][2018-09-10 15:53:52] org.springframework.boot.web.servlet.ServletRegistrationBean.onStartup(ServletRegistrationBean.java:190) Mapping servlet: 'dispatcherServlet' to [/] 
[ERROR][2018-09-10 15:53:52] com.alibaba.druid.pool.DruidDataSource.validationQueryCheck(DruidDataSource.java:855) testWhileIdle is true, validationQuery not set 
[INFO][2018-09-10 15:53:52] com.alibaba.druid.pool.DruidDataSource.init(DruidDataSource.java:715) {dataSource-1} inited 
[INFO][2018-09-10 15:53:52] org.springframework.orm.jpa.LocalContainerEntityManagerFactoryBean.createNativeEntityManagerFactory(LocalContainerEntityManagerFactoryBean.java:349) Building JPA container EntityManagerFactory for persistence unit 'default' 
[INFO][2018-09-10 15:53:52] org.hibernate.jpa.internal.util.LogHelper.logPersistenceUnitInformation(LogHelper.java:31) HHH000204: Processing PersistenceUnitInfo [
	name: default
	...] 
[INFO][2018-09-10 15:53:53] org.hibernate.Version.logVersion(Version.java:37) HHH000412: Hibernate Core {5.0.12.Final} 
[INFO][2018-09-10 15:53:53] org.hibernate.cfg.Environment.<clinit>(Environment.java:213) HHH000206: hibernate.properties not found 
[INFO][2018-09-10 15:53:53] org.hibernate.cfg.Environment.buildBytecodeProvider(Environment.java:317) HHH000021: Bytecode provider name : javassist 
[INFO][2018-09-10 15:53:53] org.hibernate.annotations.common.reflection.java.JavaReflectionManager.<clinit>(JavaReflectionManager.java:66) HCANN000001: Hibernate Commons Annotations {5.0.1.Final} 
[INFO][2018-09-10 15:53:53] org.hibernate.dialect.Dialect.<init>(Dialect.java:156) HHH000400: Using dialect: org.hibernate.dialect.Oracle9iDialect 
[INFO][2018-09-10 15:53:53] org.springframework.orm.jpa.AbstractEntityManagerFactoryBean.buildNativeEntityManagerFactory(AbstractEntityManagerFactoryBean.java:379) Initialized JPA EntityManagerFactory for persistence unit 'default' 
[INFO][2018-09-10 15:53:54] org.springframework.web.servlet.mvc.method.annotation.RequestMappingHandlerAdapter.initControllerAdviceCache(RequestMappingHandlerAdapter.java:534) Looking for @ControllerAdvice: org.springframework.boot.context.embedded.AnnotationConfigEmbeddedWebApplicationContext@3af0a9da: startup date [Mon Sep 10 15:53:49 CST 2018]; root of context hierarchy 
[INFO][2018-09-10 15:53:54] org.springframework.web.servlet.handler.AbstractHandlerMethodMapping$MappingRegistry.register(AbstractHandlerMethodMapping.java:543) Mapped "{[/generator/list]}" onto public com.htht.huoy.module.generator.common.Result com.htht.huoy.module.generator.web.GeneratorController.getTableList(int,int,java.lang.String) 
[INFO][2018-09-10 15:53:54] org.springframework.web.servlet.handler.AbstractHandlerMethodMapping$MappingRegistry.register(AbstractHandlerMethodMapping.java:543) Mapped "{[/generator/count]}" onto public com.htht.huoy.module.generator.common.Result com.htht.huoy.module.generator.web.GeneratorController.getTableCount() 
[INFO][2018-09-10 15:53:54] org.springframework.web.servlet.handler.AbstractHandlerMethodMapping$MappingRegistry.register(AbstractHandlerMethodMapping.java:543) Mapped "{[/generator/genCode]}" onto public void com.htht.huoy.module.generator.web.GeneratorController.genCode(java.util.Map<java.lang.String, java.lang.String>) 
[INFO][2018-09-10 15:53:54] org.springframework.web.servlet.handler.AbstractHandlerMethodMapping$MappingRegistry.register(AbstractHandlerMethodMapping.java:543) Mapped "{[/error]}" onto public org.springframework.http.ResponseEntity<java.util.Map<java.lang.String, java.lang.Object>> org.springframework.boot.autoconfigure.web.BasicErrorController.error(javax.servlet.http.HttpServletRequest) 
[INFO][2018-09-10 15:53:54] org.springframework.web.servlet.handler.AbstractHandlerMethodMapping$MappingRegistry.register(AbstractHandlerMethodMapping.java:543) Mapped "{[/error],produces=[text/html]}" onto public org.springframework.web.servlet.ModelAndView org.springframework.boot.autoconfigure.web.BasicErrorController.errorHtml(javax.servlet.http.HttpServletRequest,javax.servlet.http.HttpServletResponse) 
[INFO][2018-09-10 15:53:55] org.springframework.web.servlet.handler.AbstractUrlHandlerMapping.registerHandler(AbstractUrlHandlerMapping.java:362) Mapped URL path [/webjars/**] onto handler of type [class org.springframework.web.servlet.resource.ResourceHttpRequestHandler] 
[INFO][2018-09-10 15:53:55] org.springframework.web.servlet.handler.AbstractUrlHandlerMapping.registerHandler(AbstractUrlHandlerMapping.java:362) Mapped URL path [/**] onto handler of type [class org.springframework.web.servlet.resource.ResourceHttpRequestHandler] 
[INFO][2018-09-10 15:53:55] org.springframework.web.servlet.handler.AbstractUrlHandlerMapping.registerHandler(AbstractUrlHandlerMapping.java:362) Mapped URL path [/**/favicon.ico] onto handler of type [class org.springframework.web.servlet.resource.ResourceHttpRequestHandler] 
[INFO][2018-09-10 15:53:55] org.springframework.ui.freemarker.SpringTemplateLoader.<init>(SpringTemplateLoader.java:61) SpringTemplateLoader for FreeMarker: using resource loader [org.springframework.boot.context.embedded.AnnotationConfigEmbeddedWebApplicationContext@3af0a9da: startup date [Mon Sep 10 15:53:49 CST 2018]; root of context hierarchy] and template loader path [classpath:/templates/] 
[INFO][2018-09-10 15:53:55] org.springframework.web.servlet.view.freemarker.FreeMarkerConfigurer.postProcessTemplateLoaders(FreeMarkerConfigurer.java:127) ClassTemplateLoader for Spring macros added to FreeMarker configuration 
[INFO][2018-09-10 15:53:55] org.springframework.jmx.export.MBeanExporter.afterSingletonsInstantiated(MBeanExporter.java:431) Registering beans for JMX exposure on startup 
[INFO][2018-09-10 15:53:56] org.springframework.jmx.export.MBeanExporter.autodetect(MBeanExporter.java:916) Bean with name 'dataSource' has been autodetected for JMX exposure 
[INFO][2018-09-10 15:53:56] org.springframework.jmx.export.MBeanExporter.registerBeanInstance(MBeanExporter.java:671) Located MBean 'dataSource': registering with JMX server as MBean [com.alibaba.druid.pool:name=dataSource,type=DruidDataSource] 
[INFO][2018-09-10 15:53:56] org.springframework.boot.context.embedded.tomcat.TomcatEmbeddedServletContainer.start(TomcatEmbeddedServletContainer.java:198) Tomcat started on port(s): 80 (http) 
[INFO][2018-09-10 15:53:56] org.springframework.boot.StartupInfoLogger.logStarted(StartupInfoLogger.java:57) Started HuoyApplication in 7.61 seconds (JVM running for 10.008) 
[INFO][2018-09-10 15:56:26] org.springframework.web.servlet.FrameworkServlet.initServletBean(FrameworkServlet.java:489) FrameworkServlet 'dispatcherServlet': initialization started 
[INFO][2018-09-10 15:56:26] org.springframework.web.servlet.FrameworkServlet.initServletBean(FrameworkServlet.java:508) FrameworkServlet 'dispatcherServlet': initialization completed in 57 ms 
[INFO][2018-09-10 16:05:04] org.springframework.boot.StartupInfoLogger.logStarting(StartupInfoLogger.java:48) Starting HuoyApplication on DESKTOP-KLTQ8UN with PID 13256 (D:\git-project\hz\huoy\target\classes started by Admin in D:\git-project\hz\huoy) 
[INFO][2018-09-10 16:05:04] org.springframework.boot.SpringApplication.logStartupProfileInfo(SpringApplication.java:637) No active profile set, falling back to default profiles: default 
[INFO][2018-09-10 16:05:04] org.springframework.context.support.AbstractApplicationContext.prepareRefresh(AbstractApplicationContext.java:582) Refreshing org.springframework.boot.context.embedded.AnnotationConfigEmbeddedWebApplicationContext@3af0a9da: startup date [Mon Sep 10 16:05:04 CST 2018]; root of context hierarchy 
[INFO][2018-09-10 16:05:05] org.hibernate.validator.internal.util.Version.<clinit>(Version.java:30) HV000001: Hibernate Validator 5.3.5.Final 
[INFO][2018-09-10 16:05:07] org.springframework.boot.context.embedded.tomcat.TomcatEmbeddedServletContainer.initialize(TomcatEmbeddedServletContainer.java:89) Tomcat initialized with port(s): 80 (http) 
[INFO][2018-09-10 16:05:07] org.springframework.boot.context.embedded.EmbeddedWebApplicationContext.prepareEmbeddedWebApplicationContext(EmbeddedWebApplicationContext.java:276) Root WebApplicationContext: initialization completed in 2520 ms 
[INFO][2018-09-10 16:05:07] org.springframework.boot.web.servlet.AbstractFilterRegistrationBean.configure(AbstractFilterRegistrationBean.java:258) Mapping filter: 'characterEncodingFilter' to: [/*] 
[INFO][2018-09-10 16:05:07] org.springframework.boot.web.servlet.AbstractFilterRegistrationBean.configure(AbstractFilterRegistrationBean.java:258) Mapping filter: 'hiddenHttpMethodFilter' to: [/*] 
[INFO][2018-09-10 16:05:07] org.springframework.boot.web.servlet.AbstractFilterRegistrationBean.configure(AbstractFilterRegistrationBean.java:258) Mapping filter: 'httpPutFormContentFilter' to: [/*] 
[INFO][2018-09-10 16:05:07] org.springframework.boot.web.servlet.AbstractFilterRegistrationBean.configure(AbstractFilterRegistrationBean.java:258) Mapping filter: 'requestContextFilter' to: [/*] 
[INFO][2018-09-10 16:05:07] org.springframework.boot.web.servlet.AbstractFilterRegistrationBean.configure(AbstractFilterRegistrationBean.java:271) Mapping filter: 'SimpleCORSFilter' to urls: [/*] 
[INFO][2018-09-10 16:05:07] org.springframework.boot.web.servlet.AbstractFilterRegistrationBean.configure(AbstractFilterRegistrationBean.java:258) Mapping filter: 'remoteIpFilter' to: [/*] 
[INFO][2018-09-10 16:05:07] org.springframework.boot.web.servlet.ServletRegistrationBean.onStartup(ServletRegistrationBean.java:190) Mapping servlet: 'dispatcherServlet' to [/] 
[ERROR][2018-09-10 16:05:07] com.alibaba.druid.pool.DruidDataSource.validationQueryCheck(DruidDataSource.java:855) testWhileIdle is true, validationQuery not set 
[INFO][2018-09-10 16:05:07] com.alibaba.druid.pool.DruidDataSource.init(DruidDataSource.java:715) {dataSource-1} inited 
[INFO][2018-09-10 16:05:08] org.springframework.orm.jpa.LocalContainerEntityManagerFactoryBean.createNativeEntityManagerFactory(LocalContainerEntityManagerFactoryBean.java:349) Building JPA container EntityManagerFactory for persistence unit 'default' 
[INFO][2018-09-10 16:05:08] org.hibernate.jpa.internal.util.LogHelper.logPersistenceUnitInformation(LogHelper.java:31) HHH000204: Processing PersistenceUnitInfo [
	name: default
	...] 
[INFO][2018-09-10 16:05:08] org.hibernate.Version.logVersion(Version.java:37) HHH000412: Hibernate Core {5.0.12.Final} 
[INFO][2018-09-10 16:05:08] org.hibernate.cfg.Environment.<clinit>(Environment.java:213) HHH000206: hibernate.properties not found 
[INFO][2018-09-10 16:05:08] org.hibernate.cfg.Environment.buildBytecodeProvider(Environment.java:317) HHH000021: Bytecode provider name : javassist 
[INFO][2018-09-10 16:05:08] org.hibernate.annotations.common.reflection.java.JavaReflectionManager.<clinit>(JavaReflectionManager.java:66) HCANN000001: Hibernate Commons Annotations {5.0.1.Final} 
[INFO][2018-09-10 16:05:08] org.hibernate.dialect.Dialect.<init>(Dialect.java:156) HHH000400: Using dialect: org.hibernate.dialect.Oracle9iDialect 
[INFO][2018-09-10 16:05:09] org.springframework.orm.jpa.AbstractEntityManagerFactoryBean.buildNativeEntityManagerFactory(AbstractEntityManagerFactoryBean.java:379) Initialized JPA EntityManagerFactory for persistence unit 'default' 
[INFO][2018-09-10 16:05:09] org.springframework.web.servlet.mvc.method.annotation.RequestMappingHandlerAdapter.initControllerAdviceCache(RequestMappingHandlerAdapter.java:534) Looking for @ControllerAdvice: org.springframework.boot.context.embedded.AnnotationConfigEmbeddedWebApplicationContext@3af0a9da: startup date [Mon Sep 10 16:05:04 CST 2018]; root of context hierarchy 
[INFO][2018-09-10 16:05:10] org.springframework.web.servlet.handler.AbstractHandlerMethodMapping$MappingRegistry.register(AbstractHandlerMethodMapping.java:543) Mapped "{[/generator/genCode]}" onto public void com.htht.huoy.module.generator.web.GeneratorController.genCode(java.util.Map<java.lang.String, java.lang.String>) 
[INFO][2018-09-10 16:05:10] org.springframework.web.servlet.handler.AbstractHandlerMethodMapping$MappingRegistry.register(AbstractHandlerMethodMapping.java:543) Mapped "{[/generator/list]}" onto public com.htht.huoy.module.generator.common.Result com.htht.huoy.module.generator.web.GeneratorController.getTableList(int,int,java.lang.String) 
[INFO][2018-09-10 16:05:10] org.springframework.web.servlet.handler.AbstractHandlerMethodMapping$MappingRegistry.register(AbstractHandlerMethodMapping.java:543) Mapped "{[/generator/count]}" onto public com.htht.huoy.module.generator.common.Result com.htht.huoy.module.generator.web.GeneratorController.getTableCount() 
[INFO][2018-09-10 16:05:10] org.springframework.web.servlet.handler.AbstractHandlerMethodMapping$MappingRegistry.register(AbstractHandlerMethodMapping.java:543) Mapped "{[/error]}" onto public org.springframework.http.ResponseEntity<java.util.Map<java.lang.String, java.lang.Object>> org.springframework.boot.autoconfigure.web.BasicErrorController.error(javax.servlet.http.HttpServletRequest) 
[INFO][2018-09-10 16:05:10] org.springframework.web.servlet.handler.AbstractHandlerMethodMapping$MappingRegistry.register(AbstractHandlerMethodMapping.java:543) Mapped "{[/error],produces=[text/html]}" onto public org.springframework.web.servlet.ModelAndView org.springframework.boot.autoconfigure.web.BasicErrorController.errorHtml(javax.servlet.http.HttpServletRequest,javax.servlet.http.HttpServletResponse) 
[INFO][2018-09-10 16:05:10] org.springframework.web.servlet.handler.AbstractUrlHandlerMapping.registerHandler(AbstractUrlHandlerMapping.java:362) Mapped URL path [/webjars/**] onto handler of type [class org.springframework.web.servlet.resource.ResourceHttpRequestHandler] 
[INFO][2018-09-10 16:05:10] org.springframework.web.servlet.handler.AbstractUrlHandlerMapping.registerHandler(AbstractUrlHandlerMapping.java:362) Mapped URL path [/**] onto handler of type [class org.springframework.web.servlet.resource.ResourceHttpRequestHandler] 
[INFO][2018-09-10 16:05:10] org.springframework.web.servlet.handler.AbstractUrlHandlerMapping.registerHandler(AbstractUrlHandlerMapping.java:362) Mapped URL path [/**/favicon.ico] onto handler of type [class org.springframework.web.servlet.resource.ResourceHttpRequestHandler] 
[INFO][2018-09-10 16:05:10] org.springframework.ui.freemarker.SpringTemplateLoader.<init>(SpringTemplateLoader.java:61) SpringTemplateLoader for FreeMarker: using resource loader [org.springframework.boot.context.embedded.AnnotationConfigEmbeddedWebApplicationContext@3af0a9da: startup date [Mon Sep 10 16:05:04 CST 2018]; root of context hierarchy] and template loader path [classpath:/templates/] 
[INFO][2018-09-10 16:05:10] org.springframework.web.servlet.view.freemarker.FreeMarkerConfigurer.postProcessTemplateLoaders(FreeMarkerConfigurer.java:127) ClassTemplateLoader for Spring macros added to FreeMarker configuration 
[INFO][2018-09-10 16:05:11] org.springframework.jmx.export.MBeanExporter.afterSingletonsInstantiated(MBeanExporter.java:431) Registering beans for JMX exposure on startup 
[INFO][2018-09-10 16:05:11] org.springframework.jmx.export.MBeanExporter.autodetect(MBeanExporter.java:916) Bean with name 'dataSource' has been autodetected for JMX exposure 
[INFO][2018-09-10 16:05:11] org.springframework.jmx.export.MBeanExporter.registerBeanInstance(MBeanExporter.java:671) Located MBean 'dataSource': registering with JMX server as MBean [com.alibaba.druid.pool:name=dataSource,type=DruidDataSource] 
[INFO][2018-09-10 16:05:11] org.springframework.boot.context.embedded.tomcat.TomcatEmbeddedServletContainer.start(TomcatEmbeddedServletContainer.java:198) Tomcat started on port(s): 80 (http) 
[INFO][2018-09-10 16:05:11] org.springframework.boot.StartupInfoLogger.logStarted(StartupInfoLogger.java:57) Started HuoyApplication in 7.567 seconds (JVM running for 9.773) 
[INFO][2018-09-10 16:07:45] org.springframework.web.servlet.FrameworkServlet.initServletBean(FrameworkServlet.java:489) FrameworkServlet 'dispatcherServlet': initialization started 
[INFO][2018-09-10 16:07:45] org.springframework.web.servlet.FrameworkServlet.initServletBean(FrameworkServlet.java:508) FrameworkServlet 'dispatcherServlet': initialization completed in 73 ms 
[INFO][2018-09-10 16:21:50] org.springframework.boot.StartupInfoLogger.logStarting(StartupInfoLogger.java:48) Starting HuoyApplication on DESKTOP-KLTQ8UN with PID 14420 (D:\git-project\hz\huoy\target\classes started by Admin in D:\git-project\hz\huoy) 
[INFO][2018-09-10 16:21:50] org.springframework.boot.SpringApplication.logStartupProfileInfo(SpringApplication.java:637) No active profile set, falling back to default profiles: default 
[INFO][2018-09-10 16:21:50] org.springframework.context.support.AbstractApplicationContext.prepareRefresh(AbstractApplicationContext.java:582) Refreshing org.springframework.boot.context.embedded.AnnotationConfigEmbeddedWebApplicationContext@3af0a9da: startup date [Mon Sep 10 16:21:50 CST 2018]; root of context hierarchy 
[INFO][2018-09-10 16:21:51] org.hibernate.validator.internal.util.Version.<clinit>(Version.java:30) HV000001: Hibernate Validator 5.3.5.Final 
[INFO][2018-09-10 16:21:53] org.springframework.boot.context.embedded.tomcat.TomcatEmbeddedServletContainer.initialize(TomcatEmbeddedServletContainer.java:89) Tomcat initialized with port(s): 80 (http) 
[INFO][2018-09-10 16:21:53] org.springframework.boot.context.embedded.EmbeddedWebApplicationContext.prepareEmbeddedWebApplicationContext(EmbeddedWebApplicationContext.java:276) Root WebApplicationContext: initialization completed in 2979 ms 
[INFO][2018-09-10 16:21:53] org.springframework.boot.web.servlet.AbstractFilterRegistrationBean.configure(AbstractFilterRegistrationBean.java:258) Mapping filter: 'characterEncodingFilter' to: [/*] 
[INFO][2018-09-10 16:21:53] org.springframework.boot.web.servlet.AbstractFilterRegistrationBean.configure(AbstractFilterRegistrationBean.java:258) Mapping filter: 'hiddenHttpMethodFilter' to: [/*] 
[INFO][2018-09-10 16:21:53] org.springframework.boot.web.servlet.AbstractFilterRegistrationBean.configure(AbstractFilterRegistrationBean.java:258) Mapping filter: 'httpPutFormContentFilter' to: [/*] 
[INFO][2018-09-10 16:21:53] org.springframework.boot.web.servlet.AbstractFilterRegistrationBean.configure(AbstractFilterRegistrationBean.java:258) Mapping filter: 'requestContextFilter' to: [/*] 
[INFO][2018-09-10 16:21:53] org.springframework.boot.web.servlet.AbstractFilterRegistrationBean.configure(AbstractFilterRegistrationBean.java:271) Mapping filter: 'SimpleCORSFilter' to urls: [/*] 
[INFO][2018-09-10 16:21:53] org.springframework.boot.web.servlet.AbstractFilterRegistrationBean.configure(AbstractFilterRegistrationBean.java:258) Mapping filter: 'remoteIpFilter' to: [/*] 
[INFO][2018-09-10 16:21:53] org.springframework.boot.web.servlet.ServletRegistrationBean.onStartup(ServletRegistrationBean.java:190) Mapping servlet: 'dispatcherServlet' to [/] 
[ERROR][2018-09-10 16:21:54] com.alibaba.druid.pool.DruidDataSource.validationQueryCheck(DruidDataSource.java:855) testWhileIdle is true, validationQuery not set 
[INFO][2018-09-10 16:21:54] com.alibaba.druid.pool.DruidDataSource.init(DruidDataSource.java:715) {dataSource-1} inited 
[INFO][2018-09-10 16:21:54] org.springframework.orm.jpa.LocalContainerEntityManagerFactoryBean.createNativeEntityManagerFactory(LocalContainerEntityManagerFactoryBean.java:349) Building JPA container EntityManagerFactory for persistence unit 'default' 
[INFO][2018-09-10 16:21:54] org.hibernate.jpa.internal.util.LogHelper.logPersistenceUnitInformation(LogHelper.java:31) HHH000204: Processing PersistenceUnitInfo [
	name: default
	...] 
[INFO][2018-09-10 16:21:54] org.hibernate.Version.logVersion(Version.java:37) HHH000412: Hibernate Core {5.0.12.Final} 
[INFO][2018-09-10 16:21:54] org.hibernate.cfg.Environment.<clinit>(Environment.java:213) HHH000206: hibernate.properties not found 
[INFO][2018-09-10 16:21:54] org.hibernate.cfg.Environment.buildBytecodeProvider(Environment.java:317) HHH000021: Bytecode provider name : javassist 
[INFO][2018-09-10 16:21:54] org.hibernate.annotations.common.reflection.java.JavaReflectionManager.<clinit>(JavaReflectionManager.java:66) HCANN000001: Hibernate Commons Annotations {5.0.1.Final} 
[INFO][2018-09-10 16:21:55] org.hibernate.dialect.Dialect.<init>(Dialect.java:156) HHH000400: Using dialect: org.hibernate.dialect.Oracle9iDialect 
[INFO][2018-09-10 16:21:55] org.springframework.orm.jpa.AbstractEntityManagerFactoryBean.buildNativeEntityManagerFactory(AbstractEntityManagerFactoryBean.java:379) Initialized JPA EntityManagerFactory for persistence unit 'default' 
[INFO][2018-09-10 16:21:56] org.springframework.web.servlet.mvc.method.annotation.RequestMappingHandlerAdapter.initControllerAdviceCache(RequestMappingHandlerAdapter.java:534) Looking for @ControllerAdvice: org.springframework.boot.context.embedded.AnnotationConfigEmbeddedWebApplicationContext@3af0a9da: startup date [Mon Sep 10 16:21:50 CST 2018]; root of context hierarchy 
[INFO][2018-09-10 16:21:56] org.springframework.web.servlet.handler.AbstractHandlerMethodMapping$MappingRegistry.register(AbstractHandlerMethodMapping.java:543) Mapped "{[/generator/count]}" onto public com.htht.huoy.module.generator.common.Result com.htht.huoy.module.generator.web.GeneratorController.getTableCount() 
[INFO][2018-09-10 16:21:56] org.springframework.web.servlet.handler.AbstractHandlerMethodMapping$MappingRegistry.register(AbstractHandlerMethodMapping.java:543) Mapped "{[/generator/genCode]}" onto public void com.htht.huoy.module.generator.web.GeneratorController.genCode(java.util.Map<java.lang.String, java.lang.String>) 
[INFO][2018-09-10 16:21:56] org.springframework.web.servlet.handler.AbstractHandlerMethodMapping$MappingRegistry.register(AbstractHandlerMethodMapping.java:543) Mapped "{[/generator/list]}" onto public com.htht.huoy.module.generator.common.Result com.htht.huoy.module.generator.web.GeneratorController.getTableList(int,int,java.lang.String) 
[INFO][2018-09-10 16:21:56] org.springframework.web.servlet.handler.AbstractHandlerMethodMapping$MappingRegistry.register(AbstractHandlerMethodMapping.java:543) Mapped "{[/error]}" onto public org.springframework.http.ResponseEntity<java.util.Map<java.lang.String, java.lang.Object>> org.springframework.boot.autoconfigure.web.BasicErrorController.error(javax.servlet.http.HttpServletRequest) 
[INFO][2018-09-10 16:21:56] org.springframework.web.servlet.handler.AbstractHandlerMethodMapping$MappingRegistry.register(AbstractHandlerMethodMapping.java:543) Mapped "{[/error],produces=[text/html]}" onto public org.springframework.web.servlet.ModelAndView org.springframework.boot.autoconfigure.web.BasicErrorController.errorHtml(javax.servlet.http.HttpServletRequest,javax.servlet.http.HttpServletResponse) 
[INFO][2018-09-10 16:21:56] org.springframework.web.servlet.handler.AbstractUrlHandlerMapping.registerHandler(AbstractUrlHandlerMapping.java:362) Mapped URL path [/webjars/**] onto handler of type [class org.springframework.web.servlet.resource.ResourceHttpRequestHandler] 
[INFO][2018-09-10 16:21:56] org.springframework.web.servlet.handler.AbstractUrlHandlerMapping.registerHandler(AbstractUrlHandlerMapping.java:362) Mapped URL path [/**] onto handler of type [class org.springframework.web.servlet.resource.ResourceHttpRequestHandler] 
[INFO][2018-09-10 16:21:56] org.springframework.web.servlet.handler.AbstractUrlHandlerMapping.registerHandler(AbstractUrlHandlerMapping.java:362) Mapped URL path [/**/favicon.ico] onto handler of type [class org.springframework.web.servlet.resource.ResourceHttpRequestHandler] 
[INFO][2018-09-10 16:21:57] org.springframework.ui.freemarker.SpringTemplateLoader.<init>(SpringTemplateLoader.java:61) SpringTemplateLoader for FreeMarker: using resource loader [org.springframework.boot.context.embedded.AnnotationConfigEmbeddedWebApplicationContext@3af0a9da: startup date [Mon Sep 10 16:21:50 CST 2018]; root of context hierarchy] and template loader path [classpath:/templates/] 
[INFO][2018-09-10 16:21:57] org.springframework.web.servlet.view.freemarker.FreeMarkerConfigurer.postProcessTemplateLoaders(FreeMarkerConfigurer.java:127) ClassTemplateLoader for Spring macros added to FreeMarker configuration 
[INFO][2018-09-10 16:21:57] org.springframework.jmx.export.MBeanExporter.afterSingletonsInstantiated(MBeanExporter.java:431) Registering beans for JMX exposure on startup 
[INFO][2018-09-10 16:21:57] org.springframework.jmx.export.MBeanExporter.autodetect(MBeanExporter.java:916) Bean with name 'dataSource' has been autodetected for JMX exposure 
[INFO][2018-09-10 16:21:57] org.springframework.jmx.export.MBeanExporter.registerBeanInstance(MBeanExporter.java:671) Located MBean 'dataSource': registering with JMX server as MBean [com.alibaba.druid.pool:name=dataSource,type=DruidDataSource] 
[INFO][2018-09-10 16:21:57] org.springframework.boot.context.embedded.tomcat.TomcatEmbeddedServletContainer.start(TomcatEmbeddedServletContainer.java:198) Tomcat started on port(s): 80 (http) 
[INFO][2018-09-10 16:21:57] org.springframework.boot.StartupInfoLogger.logStarted(StartupInfoLogger.java:57) Started HuoyApplication in 7.897 seconds (JVM running for 10.018) 
[INFO][2018-09-10 16:22:49] org.springframework.web.servlet.FrameworkServlet.initServletBean(FrameworkServlet.java:489) FrameworkServlet 'dispatcherServlet': initialization started 
[INFO][2018-09-10 16:22:49] org.springframework.web.servlet.FrameworkServlet.initServletBean(FrameworkServlet.java:508) FrameworkServlet 'dispatcherServlet': initialization completed in 40 ms 
[INFO][2018-09-10 16:27:38] org.springframework.boot.StartupInfoLogger.logStarting(StartupInfoLogger.java:48) Starting HuoyApplication on DESKTOP-KLTQ8UN with PID 5460 (D:\git-project\hz\huoy\target\classes started by Admin in D:\git-project\hz\huoy) 
[INFO][2018-09-10 16:27:38] org.springframework.boot.SpringApplication.logStartupProfileInfo(SpringApplication.java:637) No active profile set, falling back to default profiles: default 
[INFO][2018-09-10 16:27:38] org.springframework.context.support.AbstractApplicationContext.prepareRefresh(AbstractApplicationContext.java:582) Refreshing org.springframework.boot.context.embedded.AnnotationConfigEmbeddedWebApplicationContext@3af0a9da: startup date [Mon Sep 10 16:27:38 CST 2018]; root of context hierarchy 
[INFO][2018-09-10 16:27:39] org.hibernate.validator.internal.util.Version.<clinit>(Version.java:30) HV000001: Hibernate Validator 5.3.5.Final 
[INFO][2018-09-10 16:27:41] org.springframework.boot.context.embedded.tomcat.TomcatEmbeddedServletContainer.initialize(TomcatEmbeddedServletContainer.java:89) Tomcat initialized with port(s): 80 (http) 
[INFO][2018-09-10 16:27:41] org.springframework.boot.context.embedded.EmbeddedWebApplicationContext.prepareEmbeddedWebApplicationContext(EmbeddedWebApplicationContext.java:276) Root WebApplicationContext: initialization completed in 2759 ms 
[INFO][2018-09-10 16:27:41] org.springframework.boot.web.servlet.AbstractFilterRegistrationBean.configure(AbstractFilterRegistrationBean.java:258) Mapping filter: 'characterEncodingFilter' to: [/*] 
[INFO][2018-09-10 16:27:41] org.springframework.boot.web.servlet.AbstractFilterRegistrationBean.configure(AbstractFilterRegistrationBean.java:258) Mapping filter: 'hiddenHttpMethodFilter' to: [/*] 
[INFO][2018-09-10 16:27:41] org.springframework.boot.web.servlet.AbstractFilterRegistrationBean.configure(AbstractFilterRegistrationBean.java:258) Mapping filter: 'httpPutFormContentFilter' to: [/*] 
[INFO][2018-09-10 16:27:41] org.springframework.boot.web.servlet.AbstractFilterRegistrationBean.configure(AbstractFilterRegistrationBean.java:258) Mapping filter: 'requestContextFilter' to: [/*] 
[INFO][2018-09-10 16:27:41] org.springframework.boot.web.servlet.AbstractFilterRegistrationBean.configure(AbstractFilterRegistrationBean.java:271) Mapping filter: 'SimpleCORSFilter' to urls: [/*] 
[INFO][2018-09-10 16:27:41] org.springframework.boot.web.servlet.AbstractFilterRegistrationBean.configure(AbstractFilterRegistrationBean.java:258) Mapping filter: 'remoteIpFilter' to: [/*] 
[INFO][2018-09-10 16:27:41] org.springframework.boot.web.servlet.ServletRegistrationBean.onStartup(ServletRegistrationBean.java:190) Mapping servlet: 'dispatcherServlet' to [/] 
[ERROR][2018-09-10 16:27:42] com.alibaba.druid.pool.DruidDataSource.validationQueryCheck(DruidDataSource.java:855) testWhileIdle is true, validationQuery not set 
[INFO][2018-09-10 16:27:42] com.alibaba.druid.pool.DruidDataSource.init(DruidDataSource.java:715) {dataSource-1} inited 
[INFO][2018-09-10 16:27:42] org.springframework.orm.jpa.LocalContainerEntityManagerFactoryBean.createNativeEntityManagerFactory(LocalContainerEntityManagerFactoryBean.java:349) Building JPA container EntityManagerFactory for persistence unit 'default' 
[INFO][2018-09-10 16:27:42] org.hibernate.jpa.internal.util.LogHelper.logPersistenceUnitInformation(LogHelper.java:31) HHH000204: Processing PersistenceUnitInfo [
	name: default
	...] 
[INFO][2018-09-10 16:27:42] org.hibernate.Version.logVersion(Version.java:37) HHH000412: Hibernate Core {5.0.12.Final} 
[INFO][2018-09-10 16:27:42] org.hibernate.cfg.Environment.<clinit>(Environment.java:213) HHH000206: hibernate.properties not found 
[INFO][2018-09-10 16:27:42] org.hibernate.cfg.Environment.buildBytecodeProvider(Environment.java:317) HHH000021: Bytecode provider name : javassist 
[INFO][2018-09-10 16:27:42] org.hibernate.annotations.common.reflection.java.JavaReflectionManager.<clinit>(JavaReflectionManager.java:66) HCANN000001: Hibernate Commons Annotations {5.0.1.Final} 
[INFO][2018-09-10 16:27:42] org.hibernate.dialect.Dialect.<init>(Dialect.java:156) HHH000400: Using dialect: org.hibernate.dialect.Oracle9iDialect 
[INFO][2018-09-10 16:27:43] org.springframework.orm.jpa.AbstractEntityManagerFactoryBean.buildNativeEntityManagerFactory(AbstractEntityManagerFactoryBean.java:379) Initialized JPA EntityManagerFactory for persistence unit 'default' 
[INFO][2018-09-10 16:27:44] org.springframework.web.servlet.mvc.method.annotation.RequestMappingHandlerAdapter.initControllerAdviceCache(RequestMappingHandlerAdapter.java:534) Looking for @ControllerAdvice: org.springframework.boot.context.embedded.AnnotationConfigEmbeddedWebApplicationContext@3af0a9da: startup date [Mon Sep 10 16:27:38 CST 2018]; root of context hierarchy 
[INFO][2018-09-10 16:27:44] org.springframework.web.servlet.handler.AbstractHandlerMethodMapping$MappingRegistry.register(AbstractHandlerMethodMapping.java:543) Mapped "{[/generator/list]}" onto public com.htht.huoy.module.generator.common.Result com.htht.huoy.module.generator.web.GeneratorController.getTableList(int,int,java.lang.String) 
[INFO][2018-09-10 16:27:44] org.springframework.web.servlet.handler.AbstractHandlerMethodMapping$MappingRegistry.register(AbstractHandlerMethodMapping.java:543) Mapped "{[/generator/count]}" onto public com.htht.huoy.module.generator.common.Result com.htht.huoy.module.generator.web.GeneratorController.getTableCount() 
[INFO][2018-09-10 16:27:44] org.springframework.web.servlet.handler.AbstractHandlerMethodMapping$MappingRegistry.register(AbstractHandlerMethodMapping.java:543) Mapped "{[/generator/genCode]}" onto public void com.htht.huoy.module.generator.web.GeneratorController.genCode(java.util.Map<java.lang.String, java.lang.String>) 
[INFO][2018-09-10 16:27:44] org.springframework.web.servlet.handler.AbstractHandlerMethodMapping$MappingRegistry.register(AbstractHandlerMethodMapping.java:543) Mapped "{[/error]}" onto public org.springframework.http.ResponseEntity<java.util.Map<java.lang.String, java.lang.Object>> org.springframework.boot.autoconfigure.web.BasicErrorController.error(javax.servlet.http.HttpServletRequest) 
[INFO][2018-09-10 16:27:44] org.springframework.web.servlet.handler.AbstractHandlerMethodMapping$MappingRegistry.register(AbstractHandlerMethodMapping.java:543) Mapped "{[/error],produces=[text/html]}" onto public org.springframework.web.servlet.ModelAndView org.springframework.boot.autoconfigure.web.BasicErrorController.errorHtml(javax.servlet.http.HttpServletRequest,javax.servlet.http.HttpServletResponse) 
[INFO][2018-09-10 16:27:44] org.springframework.web.servlet.handler.AbstractUrlHandlerMapping.registerHandler(AbstractUrlHandlerMapping.java:362) Mapped URL path [/webjars/**] onto handler of type [class org.springframework.web.servlet.resource.ResourceHttpRequestHandler] 
[INFO][2018-09-10 16:27:44] org.springframework.web.servlet.handler.AbstractUrlHandlerMapping.registerHandler(AbstractUrlHandlerMapping.java:362) Mapped URL path [/**] onto handler of type [class org.springframework.web.servlet.resource.ResourceHttpRequestHandler] 
[INFO][2018-09-10 16:27:44] org.springframework.web.servlet.handler.AbstractUrlHandlerMapping.registerHandler(AbstractUrlHandlerMapping.java:362) Mapped URL path [/**/favicon.ico] onto handler of type [class org.springframework.web.servlet.resource.ResourceHttpRequestHandler] 
[INFO][2018-09-10 16:27:44] org.springframework.ui.freemarker.SpringTemplateLoader.<init>(SpringTemplateLoader.java:61) SpringTemplateLoader for FreeMarker: using resource loader [org.springframework.boot.context.embedded.AnnotationConfigEmbeddedWebApplicationContext@3af0a9da: startup date [Mon Sep 10 16:27:38 CST 2018]; root of context hierarchy] and template loader path [classpath:/templates/] 
[INFO][2018-09-10 16:27:44] org.springframework.web.servlet.view.freemarker.FreeMarkerConfigurer.postProcessTemplateLoaders(FreeMarkerConfigurer.java:127) ClassTemplateLoader for Spring macros added to FreeMarker configuration 
[INFO][2018-09-10 16:27:45] org.springframework.jmx.export.MBeanExporter.afterSingletonsInstantiated(MBeanExporter.java:431) Registering beans for JMX exposure on startup 
[INFO][2018-09-10 16:27:45] org.springframework.jmx.export.MBeanExporter.autodetect(MBeanExporter.java:916) Bean with name 'dataSource' has been autodetected for JMX exposure 
[INFO][2018-09-10 16:27:45] org.springframework.jmx.export.MBeanExporter.registerBeanInstance(MBeanExporter.java:671) Located MBean 'dataSource': registering with JMX server as MBean [com.alibaba.druid.pool:name=dataSource,type=DruidDataSource] 
[INFO][2018-09-10 16:27:45] org.springframework.boot.context.embedded.tomcat.TomcatEmbeddedServletContainer.start(TomcatEmbeddedServletContainer.java:198) Tomcat started on port(s): 80 (http) 
[INFO][2018-09-10 16:27:45] org.springframework.boot.StartupInfoLogger.logStarted(StartupInfoLogger.java:57) Started HuoyApplication in 7.781 seconds (JVM running for 9.979) 
[INFO][2018-09-10 16:27:48] org.springframework.web.servlet.FrameworkServlet.initServletBean(FrameworkServlet.java:489) FrameworkServlet 'dispatcherServlet': initialization started 
[INFO][2018-09-10 16:27:48] org.springframework.web.servlet.FrameworkServlet.initServletBean(FrameworkServlet.java:508) FrameworkServlet 'dispatcherServlet': initialization completed in 32 ms 
