[ERROR][2018-09-19 10:28:55] com.alibaba.druid.pool.DruidDataSource.validationQueryCheck(DruidDataSource.java:855) testWhileIdle is true, validationQuery not set 
[ERROR][2018-09-19 10:38:30] com.alibaba.druid.pool.DruidDataSource.validationQueryCheck(DruidDataSource.java:855) testWhileIdle is true, validationQuery not set 
[ERROR][2018-09-19 10:42:13] com.alibaba.druid.pool.DruidDataSource.validationQueryCheck(DruidDataSource.java:855) testWhileIdle is true, validationQuery not set 
[ERROR][2018-09-19 10:48:12] com.alibaba.druid.pool.DruidDataSource.validationQueryCheck(DruidDataSource.java:855) testWhileIdle is true, validationQuery not set 
[ERROR][2018-09-19 10:50:27] com.alibaba.druid.pool.DruidDataSource.validationQueryCheck(DruidDataSource.java:855) testWhileIdle is true, validationQuery not set 
[ERROR][2018-09-19 10:53:29] com.alibaba.druid.pool.DruidDataSource.validationQueryCheck(DruidDataSource.java:855) testWhileIdle is true, validationQuery not set 
[ERROR][2018-09-19 10:56:35] com.alibaba.druid.pool.DruidDataSource.validationQueryCheck(DruidDataSource.java:855) testWhileIdle is true, validationQuery not set 
[ERROR][2018-09-19 11:02:56] com.alibaba.druid.pool.DruidDataSource.validationQueryCheck(DruidDataSource.java:855) testWhileIdle is true, validationQuery not set 
[ERROR][2018-09-19 11:08:32] com.alibaba.druid.pool.DruidDataSource.validationQueryCheck(DruidDataSource.java:855) testWhileIdle is true, validationQuery not set 
[ERROR][2018-09-19 11:13:07] com.alibaba.druid.pool.DruidDataSource.validationQueryCheck(DruidDataSource.java:855) testWhileIdle is true, validationQuery not set 
[ERROR][2018-09-19 11:15:14] com.alibaba.druid.pool.DruidDataSource.validationQueryCheck(DruidDataSource.java:855) testWhileIdle is true, validationQuery not set 
[ERROR][2018-09-19 11:17:37] com.alibaba.druid.pool.DruidDataSource.validationQueryCheck(DruidDataSource.java:855) testWhileIdle is true, validationQuery not set 
[ERROR][2018-09-19 11:22:22] com.alibaba.druid.pool.DruidDataSource.validationQueryCheck(DruidDataSource.java:855) testWhileIdle is true, validationQuery not set 
[ERROR][2018-09-19 11:25:10] com.alibaba.druid.pool.DruidDataSource.validationQueryCheck(DruidDataSource.java:855) testWhileIdle is true, validationQuery not set 
[ERROR][2018-09-19 11:38:43] com.alibaba.druid.pool.DruidDataSource.validationQueryCheck(DruidDataSource.java:855) testWhileIdle is true, validationQuery not set 
[ERROR][2018-09-19 15:13:26] com.alibaba.druid.pool.DruidDataSource.validationQueryCheck(DruidDataSource.java:855) testWhileIdle is true, validationQuery not set 
[WARN][2018-09-19 15:13:29] org.springframework.context.support.AbstractApplicationContext.refresh(AbstractApplicationContext.java:550) Exception encountered during context initialization - cancelling refresh attempt: org.springframework.beans.factory.UnsatisfiedDependencyException: Error creating bean with name 'fileSystemController': Unsatisfied dependency expressed through field 'fileSystemService'; nested exception is org.springframework.beans.factory.NoUniqueBeanDefinitionException: No qualifying bean of type 'com.htht.huoy.module.hyjc.service.IFileSystemService' available: expected single matching bean but found 2: fileSystemServiceImpl,IFileSystemService 
[ERROR][2018-09-19 15:13:29] org.springframework.boot.diagnostics.LoggingFailureAnalysisReporter.report(LoggingFailureAnalysisReporter.java:42) 

***************************
APPLICATION FAILED TO START
***************************

Description:

Field fileSystemService in com.htht.huoy.module.hyjc.web.FileSystemController required a single bean, but 2 were found:
	- fileSystemServiceImpl: defined in file [D:\git-project\hz\huoy\target\classes\com\htht\huoy\module\hyjc\service\impl\FileSystemServiceImpl.class]
	- IFileSystemService: defined in file [D:\git-project\hz\huoy\target\classes\com\htht\huoy\module\hyjc\service\IFileSystemService.class]


Action:

Consider marking one of the beans as @Primary, updating the consumer to accept multiple beans, or using @Qualifier to identify the bean that should be consumed
 
[ERROR][2018-09-19 15:22:19] com.alibaba.druid.pool.DruidDataSource.validationQueryCheck(DruidDataSource.java:855) testWhileIdle is true, validationQuery not set 
[ERROR][2018-09-19 15:29:17] com.alibaba.druid.pool.DruidDataSource.validationQueryCheck(DruidDataSource.java:855) testWhileIdle is true, validationQuery not set 
[ERROR][2018-09-19 15:34:16] com.alibaba.druid.pool.DruidDataSource.validationQueryCheck(DruidDataSource.java:855) testWhileIdle is true, validationQuery not set 
[ERROR][2018-09-19 15:36:05] com.alibaba.druid.pool.DruidDataSource.validationQueryCheck(DruidDataSource.java:855) testWhileIdle is true, validationQuery not set 
[ERROR][2018-09-19 15:38:44] com.alibaba.druid.pool.DruidDataSource.validationQueryCheck(DruidDataSource.java:855) testWhileIdle is true, validationQuery not set 
[ERROR][2018-09-19 15:39:59] com.alibaba.druid.pool.DruidDataSource.validationQueryCheck(DruidDataSource.java:855) testWhileIdle is true, validationQuery not set 
[ERROR][2018-09-19 15:42:14] com.alibaba.druid.pool.DruidDataSource.validationQueryCheck(DruidDataSource.java:855) testWhileIdle is true, validationQuery not set 
[ERROR][2018-09-19 15:56:03] com.alibaba.druid.pool.DruidDataSource.validationQueryCheck(DruidDataSource.java:855) testWhileIdle is true, validationQuery not set 
[ERROR][2018-09-19 16:15:28] com.alibaba.druid.pool.DruidDataSource.validationQueryCheck(DruidDataSource.java:855) testWhileIdle is true, validationQuery not set 
[ERROR][2018-09-19 16:33:09] com.alibaba.druid.pool.DruidDataSource.validationQueryCheck(DruidDataSource.java:855) testWhileIdle is true, validationQuery not set 
[ERROR][2018-09-19 17:39:49] com.alibaba.druid.pool.DruidDataSource.validationQueryCheck(DruidDataSource.java:855) testWhileIdle is true, validationQuery not set 
[ERROR][2018-09-19 17:44:16] com.alibaba.druid.pool.DruidDataSource.validationQueryCheck(DruidDataSource.java:855) testWhileIdle is true, validationQuery not set 
[ERROR][2018-09-19 17:45:14] com.alibaba.druid.pool.DruidDataSource.validationQueryCheck(DruidDataSource.java:855) testWhileIdle is true, validationQuery not set 
[ERROR][2018-09-19 17:49:39] com.alibaba.druid.pool.DruidDataSource.validationQueryCheck(DruidDataSource.java:855) testWhileIdle is true, validationQuery not set 
[ERROR][2018-09-19 17:51:51] com.alibaba.druid.pool.DruidDataSource.validationQueryCheck(DruidDataSource.java:855) testWhileIdle is true, validationQuery not set 
[ERROR][2018-09-19 18:27:45] com.alibaba.druid.pool.DruidDataSource.validationQueryCheck(DruidDataSource.java:855) testWhileIdle is true, validationQuery not set 
